#
# There is insufficient memory for the Java Runtime Environment to continue.
# Native memory allocation (malloc) failed to allocate 1048576 bytes for AllocateHeap
# Possible reasons:
#   The system is out of physical RAM or swap space
#   The process is running with CompressedOops enabled, and the Java Heap may be blocking the growth of the native heap
# Possible solutions:
#   Reduce memory load on the system
#   Increase physical memory or swap space
#   Check if swap backing store is full
#   Decrease Java heap size (-Xmx/-Xms)
#   Decrease number of Java threads
#   Decrease Java thread stack sizes (-Xss)
#   Set larger code cache with -XX:ReservedCodeCacheSize=
#   JVM is running with Zero Based Compressed Oops mode in which the Java heap is
#     placed in the first 32GB address space. The Java Heap base address is the
#     maximum limit for the native heap growth. Please use -XX:HeapBaseMinAddress
#     to set the Java Heap base and to place the Java Heap above 32GB virtual address.
# This output file may be truncated or incomplete.
#
#  Out of Memory Error (./open/src/hotspot/share/memory/allocation.cpp:46), pid=4088, tid=3896
#
# JRE version: Java(TM) SE Runtime Environment 18.9 (11.0.10+8) (build 11.0.10+8-LTS-162)
# Java VM: Java HotSpot(TM) 64-Bit Server VM 18.9 (11.0.10+8-LTS-162, mixed mode, tiered, compressed oops, g1 gc, windows-amd64)
# No core dump will be written. Minidumps are not enabled by default on client versions of Windows
#

---------------  S U M M A R Y ------------

Command Line: -agentlib:jdwp=transport=dt_socket,suspend=y,address=localhost:53041 -javaagent:C:\Users\Gabriel Mendonca\eclipse\jee-2020-03\eclipse\configuration\org.eclipse.osgi\411\0\.cp\lib\javaagent-shaded.jar -Dfile.encoding=UTF-8 com.mendonca.mendoncaMedia.MendoncaMediaApplication

Host: Intel(R) Core(TM) i5-4440 CPU @ 3.10GHz, 4 cores, 15G,  Windows 8.1 , 64 bit Build 9600 (6.3.9600.20389)
Time: Sat Jul  2 18:01:25 2022 E. South America Standard Time elapsed time: 90.271863 seconds (0d 0h 1m 30s)

---------------  T H R E A D  ---------------

Current thread (0x000000d240584800):  VMThread "VM Thread" [stack: 0x000000d241390000,0x000000d241490000] [id=3896]

Stack: [0x000000d241390000,0x000000d241490000]
[error occurred during error reporting (printing stack bounds), id 0xc0000005, EXCEPTION_ACCESS_VIOLATION (0xc0000005) at pc=0x000000d2255f0f2d]

Native frames: (J=compiled Java code, j=interpreted, Vv=VM code, C=native code)
V  [jvm.dll+0x613e6a]
V  [jvm.dll+0x74c1ff]
V  [jvm.dll+0x74d885]
V  [jvm.dll+0x74de65]
V  [jvm.dll+0x74de1b]
V  [jvm.dll+0x6136a3]
V  [jvm.dll+0x613a68]
C  [ntdll.dll+0x92f3d]
C  [ntdll.dll+0x54557]
C  [ntdll.dll+0x920ca]
C  0x000000d2255f0f2d

VM_Operation (0x000000d24f3d9d30): CollectForMetadataAllocation, mode: safepoint, requested by thread 0x000000d24ca19000


---------------  P R O C E S S  ---------------

Threads class SMR info:
_java_thread_list=0x000000d249b10160, length=30, elements={
0x000000d24058c800, 0x000000d24058e000, 0x000000d241088800, 0x000000d241089800,
0x000000d24108b800, 0x000000d2410f4000, 0x000000d2410fa000, 0x000000d241201000,
0x000000d2412f4000, 0x000000d241387000, 0x000000d241388800, 0x000000d24240d800,
0x000000d249a37800, 0x000000d243fd1800, 0x000000d249b19800, 0x000000d2463be000,
0x000000d24ade7800, 0x000000d2494d1800, 0x000000d24a543000, 0x000000d24521d000,
0x000000d24ca17000, 0x000000d24ca17800, 0x000000d24ca19000, 0x000000d24ca18800,
0x000000d2496d5000, 0x000000d2496d3800, 0x000000d2496d7000, 0x000000d2496d4800,
0x000000d2496d6000, 0x000000d2496d7800
}

Java Threads: ( => current thread )
  0x000000d24058c800 JavaThread "Reference Handler" daemon [_thread_blocked, id=3892, stack(0x000000d241490000,0x000000d241590000)]
  0x000000d24058e000 JavaThread "Finalizer" daemon [_thread_blocked, id=3656, stack(0x000000d241590000,0x000000d241690000)]
  0x000000d241088800 JavaThread "Signal Dispatcher" daemon [_thread_blocked, id=7540, stack(0x000000d241770000,0x000000d241870000)]
  0x000000d241089800 JavaThread "Attach Listener" daemon [_thread_blocked, id=8080, stack(0x000000d241870000,0x000000d241970000)]
  0x000000d24108b800 JavaThread "C2 CompilerThread0" daemon [_thread_blocked, id=7624, stack(0x000000d241970000,0x000000d241a70000)]
  0x000000d2410f4000 JavaThread "C1 CompilerThread0" daemon [_thread_blocked, id=4012, stack(0x000000d241a70000,0x000000d241b70000)]
  0x000000d2410fa000 JavaThread "Sweeper thread" daemon [_thread_blocked, id=6976, stack(0x000000d241b70000,0x000000d241c70000)]
  0x000000d241201000 JavaThread "Common-Cleaner" daemon [_thread_blocked, id=6384, stack(0x000000d241c70000,0x000000d241d70000)]
  0x000000d2412f4000 JavaThread "JDWP Transport Listener: dt_socket" daemon [_thread_blocked, id=7608, stack(0x000000d242850000,0x000000d242950000)]
  0x000000d241387000 JavaThread "JDWP Event Helper Thread" daemon [_thread_blocked, id=7912, stack(0x000000d242950000,0x000000d242a50000)]
  0x000000d241388800 JavaThread "JDWP Command Reader" daemon [_thread_in_native, id=7756, stack(0x000000d242a50000,0x000000d242b50000)]
  0x000000d24240d800 JavaThread "Service Thread" daemon [_thread_blocked, id=7492, stack(0x000000d242c50000,0x000000d242d50000)]
  0x000000d249a37800 JavaThread "Catalina-utility-1" [_thread_blocked, id=6552, stack(0x000000d247460000,0x000000d247560000)]
  0x000000d243fd1800 JavaThread "Catalina-utility-2" [_thread_blocked, id=6516, stack(0x000000d249010000,0x000000d249110000)]
  0x000000d249b19800 JavaThread "container-0" [_thread_blocked, id=8044, stack(0x000000d24be50000,0x000000d24bf50000)]
  0x000000d2463be000 JavaThread "mysql-cj-abandoned-connection-cleanup" daemon [_thread_blocked, id=6764, stack(0x000000d24bf50000,0x000000d24c050000)]
  0x000000d24ade7800 JavaThread "HikariPool-1 housekeeper" daemon [_thread_blocked, id=7132, stack(0x000000d24c350000,0x000000d24c450000)]
  0x000000d2494d1800 JavaThread "http-nio-8080-exec-1" daemon [_thread_blocked, id=6536, stack(0x000000d24b4f0000,0x000000d24b5f0000)]
  0x000000d24a543000 JavaThread "http-nio-8080-exec-2" daemon [_thread_blocked, id=6168, stack(0x000000d24bb40000,0x000000d24bc40000)]
  0x000000d24521d000 JavaThread "http-nio-8080-exec-3" daemon [_thread_blocked, id=6648, stack(0x000000d24d6b0000,0x000000d24d7b0000)]
  0x000000d24ca17000 JavaThread "http-nio-8080-exec-4" daemon [_thread_blocked, id=7476, stack(0x000000d24f0e0000,0x000000d24f1e0000)]
  0x000000d24ca17800 JavaThread "http-nio-8080-exec-5" daemon [_thread_blocked, id=7420, stack(0x000000d24f1e0000,0x000000d24f2e0000)]
  0x000000d24ca19000 JavaThread "http-nio-8080-exec-6" daemon [_thread_blocked, id=8124, stack(0x000000d24f2e0000,0x000000d24f3e0000)]
  0x000000d24ca18800 JavaThread "http-nio-8080-exec-7" daemon [_thread_blocked, id=4052, stack(0x000000d24f3e0000,0x000000d24f4e0000)]
  0x000000d2496d5000 JavaThread "http-nio-8080-exec-8" daemon [_thread_blocked, id=5948, stack(0x000000d24f4e0000,0x000000d24f5e0000)]
  0x000000d2496d3800 JavaThread "http-nio-8080-exec-9" daemon [_thread_blocked, id=7000, stack(0x000000d24f5e0000,0x000000d24f6e0000)]
  0x000000d2496d7000 JavaThread "http-nio-8080-exec-10" daemon [_thread_blocked, id=4432, stack(0x000000d24f6e0000,0x000000d24f7e0000)]
  0x000000d2496d4800 JavaThread "http-nio-8080-Poller" daemon [_thread_in_native, id=8060, stack(0x000000d24ecc0000,0x000000d24edc0000)]
  0x000000d2496d6000 JavaThread "http-nio-8080-Acceptor" daemon [_thread_in_native, id=8144, stack(0x000000d24edc0000,0x000000d24eec0000)]
  0x000000d2496d7800 JavaThread "DestroyJavaVM" [_thread_blocked, id=6396, stack(0x000000d21c840000,0x000000d21c940000)]

Other Threads:
=>0x000000d240584800 VMThread "VM Thread" [stack: 0x000000d241390000,0x000000d241490000] [id=3896]
  0x000000d242410000 WatcherThread [stack: 0x000000d242d50000,0x000000d242e50000] [id=7884]
  0x000000d21d1b1000 GCTaskThread "GC Thread#0" [stack: 0x000000d21cb50000,0x000000d21cc50000] [id=7524]
  0x000000d24254f800 GCTaskThread "GC Thread#1" [stack: 0x000000d244020000,0x000000d244120000] [id=7536]
  0x000000d243197800 GCTaskThread "GC Thread#2" [stack: 0x000000d244120000,0x000000d244220000] [id=5116]
  0x000000d242678000 GCTaskThread "GC Thread#3" [stack: 0x000000d244220000,0x000000d244320000] [id=3152]
  0x000000d21d20b800 ConcurrentGCThread "G1 Main Marker" [stack: 0x000000d23dd50000,0x000000d23de50000] [id=4996]
  0x000000d21d20d800 ConcurrentGCThread "G1 Conc#0" [stack: 0x000000d23de50000,0x000000d23df50000] [id=7820]
  0x000000d24046f800 ConcurrentGCThread "G1 Refine#0" [stack: 0x000000d240590000,0x000000d240690000] [id=6276]
  0x000000d240472000 ConcurrentGCThread "G1 Young RemSet Sampling" [stack: 0x000000d240690000,0x000000d240790000] [id=6932]

Threads with active compile tasks:
C2 CompilerThread0  90377 6324       4       jdk.internal.org.objectweb.asm.ClassWriter::newNameTypeItem (71 bytes)

VM state:at safepoint (normal execution)

VM Mutex/Monitor currently owned by a thread:  ([mutex/lock_event])
[0x000000d21d196de0] Threads_lock - owner thread: 0x000000d240584800
[0x000000d21d196e70] Heap_lock - owner thread: 0x000000d24ca19000

OutOfMemory and StackOverflow Exception counts:
StackOverflowErrors=1
LinkageErrors=80

Heap address: 0x0000000701600000, size: 4074 MB, Compressed Oops mode: Zero based, Oop shift amount: 3
Narrow klass base: 0x0000000800000000, Narrow klass shift: 0
Compressed class space size: 1073741824 Address: 0x0000000800000000

Heap:
 garbage-first heap   total 378880K, used 59753K [0x0000000701600000, 0x0000000800000000)
  region size 1024K, 17 young (17408K), 17 survivors (17408K)
 Metaspace       used 77640K, capacity 79479K, committed 79496K, reserved 1128448K
  class space    used 9728K, capacity 10479K, committed 10496K, reserved 1048576K
Heap Regions: E=young(eden), S=young(survivor), O=old, HS=humongous(starts), HC=humongous(continues), CS=collection set, F=free, A=archive, TAMS=top-at-mark-start (previous, next)
|   0|0x0000000701600000, 0x0000000701700000, 0x0000000701700000|100%|HS|  |TAMS 0x0000000701700000, 0x0000000701700000| Complete 
|   1|0x0000000701700000, 0x0000000701800000, 0x0000000701800000|100%| O|  |TAMS 0x0000000701800000, 0x0000000701800000| Untracked 
|   2|0x0000000701800000, 0x0000000701900000, 0x0000000701900000|100%| O|  |TAMS 0x0000000701900000, 0x0000000701900000| Untracked 
|   3|0x0000000701900000, 0x0000000701a00000, 0x0000000701a00000|100%| O|  |TAMS 0x0000000701a00000, 0x0000000701a00000| Untracked 
|   4|0x0000000701a00000, 0x0000000701b00000, 0x0000000701b00000|100%| O|  |TAMS 0x0000000701b00000, 0x0000000701b00000| Untracked 
|   5|0x0000000701b00000, 0x0000000701c00000, 0x0000000701c00000|100%| O|  |TAMS 0x0000000701b84800, 0x0000000701c00000| Untracked 
|   6|0x0000000701c00000, 0x0000000701d00000, 0x0000000701d00000|100%| O|  |TAMS 0x0000000701c00000, 0x0000000701d00000| Untracked 
|   7|0x0000000701d00000, 0x0000000701d00000, 0x0000000701e00000|  0%| F|  |TAMS 0x0000000701d00000, 0x0000000701d00000| Untracked 
|   8|0x0000000701e00000, 0x0000000701e00000, 0x0000000701f00000|  0%| F|  |TAMS 0x0000000701e00000, 0x0000000701e00000| Untracked 
|   9|0x0000000701f00000, 0x0000000701f00000, 0x0000000702000000|  0%| F|  |TAMS 0x0000000701f00000, 0x0000000701f00000| Untracked 
|  10|0x0000000702000000, 0x0000000702000000, 0x0000000702100000|  0%| F|  |TAMS 0x0000000702000000, 0x0000000702000000| Untracked 
|  11|0x0000000702100000, 0x0000000702100000, 0x0000000702200000|  0%| F|  |TAMS 0x0000000702100000, 0x0000000702100000| Untracked 
|  12|0x0000000702200000, 0x0000000702200000, 0x0000000702300000|  0%| F|  |TAMS 0x0000000702200000, 0x0000000702200000| Untracked 
|  13|0x0000000702300000, 0x0000000702300000, 0x0000000702400000|  0%| F|  |TAMS 0x0000000702300000, 0x0000000702300000| Untracked 
|  14|0x0000000702400000, 0x0000000702400000, 0x0000000702500000|  0%| F|  |TAMS 0x0000000702400000, 0x0000000702400000| Untracked 
|  15|0x0000000702500000, 0x0000000702500000, 0x0000000702600000|  0%| F|  |TAMS 0x0000000702500000, 0x0000000702500000| Untracked 
|  16|0x0000000702600000, 0x0000000702600000, 0x0000000702700000|  0%| F|  |TAMS 0x0000000702600000, 0x0000000702600000| Untracked 
|  17|0x0000000702700000, 0x0000000702700000, 0x0000000702800000|  0%| F|  |TAMS 0x0000000702700000, 0x0000000702700000| Untracked 
|  18|0x0000000702800000, 0x0000000702800000, 0x0000000702900000|  0%| F|  |TAMS 0x0000000702800000, 0x0000000702800000| Untracked 
|  19|0x0000000702900000, 0x0000000702900000, 0x0000000702a00000|  0%| F|  |TAMS 0x0000000702900000, 0x0000000702900000| Untracked 
|  20|0x0000000702a00000, 0x0000000702a00000, 0x0000000702b00000|  0%| F|  |TAMS 0x0000000702a00000, 0x0000000702a00000| Untracked 
|  21|0x0000000702b00000, 0x0000000702b00000, 0x0000000702c00000|  0%| F|  |TAMS 0x0000000702b00000, 0x0000000702b00000| Untracked 
|  22|0x0000000702c00000, 0x0000000702c00000, 0x0000000702d00000|  0%| F|  |TAMS 0x0000000702c00000, 0x0000000702c00000| Untracked 
|  23|0x0000000702d00000, 0x0000000702d00000, 0x0000000702e00000|  0%| F|  |TAMS 0x0000000702d00000, 0x0000000702d00000| Untracked 
|  24|0x0000000702e00000, 0x0000000702e00000, 0x0000000702f00000|  0%| F|  |TAMS 0x0000000702e00000, 0x0000000702e00000| Untracked 
|  25|0x0000000702f00000, 0x0000000702f00000, 0x0000000703000000|  0%| F|  |TAMS 0x0000000702f00000, 0x0000000702f00000| Untracked 
|  26|0x0000000703000000, 0x0000000703000000, 0x0000000703100000|  0%| F|  |TAMS 0x0000000703000000, 0x0000000703000000| Untracked 
|  27|0x0000000703100000, 0x0000000703100000, 0x0000000703200000|  0%| F|  |TAMS 0x0000000703100000, 0x0000000703100000| Untracked 
|  28|0x0000000703200000, 0x0000000703200000, 0x0000000703300000|  0%| F|  |TAMS 0x0000000703200000, 0x0000000703200000| Untracked 
|  29|0x0000000703300000, 0x0000000703300000, 0x0000000703400000|  0%| F|  |TAMS 0x0000000703300000, 0x0000000703300000| Untracked 
|  30|0x0000000703400000, 0x0000000703400000, 0x0000000703500000|  0%| F|  |TAMS 0x0000000703400000, 0x0000000703400000| Untracked 
|  31|0x0000000703500000, 0x0000000703500000, 0x0000000703600000|  0%| F|  |TAMS 0x0000000703500000, 0x0000000703500000| Untracked 
|  32|0x0000000703600000, 0x0000000703600000, 0x0000000703700000|  0%| F|  |TAMS 0x0000000703600000, 0x0000000703600000| Untracked 
|  33|0x0000000703700000, 0x0000000703700000, 0x0000000703800000|  0%| F|  |TAMS 0x0000000703700000, 0x0000000703700000| Untracked 
|  34|0x0000000703800000, 0x0000000703800000, 0x0000000703900000|  0%| F|  |TAMS 0x0000000703800000, 0x0000000703800000| Untracked 
|  35|0x0000000703900000, 0x0000000703900000, 0x0000000703a00000|  0%| F|  |TAMS 0x0000000703900000, 0x0000000703900000| Untracked 
|  36|0x0000000703a00000, 0x0000000703a00000, 0x0000000703b00000|  0%| F|  |TAMS 0x0000000703a00000, 0x0000000703a00000| Untracked 
|  37|0x0000000703b00000, 0x0000000703b00000, 0x0000000703c00000|  0%| F|  |TAMS 0x0000000703b00000, 0x0000000703b00000| Untracked 
|  38|0x0000000703c00000, 0x0000000703c00000, 0x0000000703d00000|  0%| F|  |TAMS 0x0000000703c00000, 0x0000000703c00000| Untracked 
|  39|0x0000000703d00000, 0x0000000703d00000, 0x0000000703e00000|  0%| F|  |TAMS 0x0000000703d00000, 0x0000000703d00000| Untracked 
|  40|0x0000000703e00000, 0x0000000703e00000, 0x0000000703f00000|  0%| F|  |TAMS 0x0000000703e00000, 0x0000000703e00000| Untracked 
|  41|0x0000000703f00000, 0x0000000703f00000, 0x0000000704000000|  0%| F|  |TAMS 0x0000000703f00000, 0x0000000703f00000| Untracked 
|  42|0x0000000704000000, 0x0000000704000000, 0x0000000704100000|  0%| F|  |TAMS 0x0000000704000000, 0x0000000704000000| Untracked 
|  43|0x0000000704100000, 0x0000000704100000, 0x0000000704200000|  0%| F|  |TAMS 0x0000000704100000, 0x0000000704100000| Untracked 
|  44|0x0000000704200000, 0x0000000704200000, 0x0000000704300000|  0%| F|  |TAMS 0x0000000704200000, 0x0000000704200000| Untracked 
|  45|0x0000000704300000, 0x0000000704300000, 0x0000000704400000|  0%| F|  |TAMS 0x0000000704300000, 0x0000000704300000| Untracked 
|  46|0x0000000704400000, 0x0000000704400000, 0x0000000704500000|  0%| F|  |TAMS 0x0000000704400000, 0x0000000704400000| Untracked 
|  47|0x0000000704500000, 0x0000000704500000, 0x0000000704600000|  0%| F|  |TAMS 0x0000000704500000, 0x0000000704500000| Untracked 
|  48|0x0000000704600000, 0x0000000704600000, 0x0000000704700000|  0%| F|  |TAMS 0x0000000704600000, 0x0000000704600000| Untracked 
|  49|0x0000000704700000, 0x0000000704700000, 0x0000000704800000|  0%| F|  |TAMS 0x0000000704700000, 0x0000000704700000| Untracked 
|  50|0x0000000704800000, 0x0000000704800000, 0x0000000704900000|  0%| F|  |TAMS 0x0000000704800000, 0x0000000704800000| Untracked 
|  51|0x0000000704900000, 0x0000000704900000, 0x0000000704a00000|  0%| F|  |TAMS 0x0000000704900000, 0x0000000704900000| Untracked 
|  52|0x0000000704a00000, 0x0000000704a00000, 0x0000000704b00000|  0%| F|  |TAMS 0x0000000704a00000, 0x0000000704a00000| Untracked 
|  53|0x0000000704b00000, 0x0000000704b00000, 0x0000000704c00000|  0%| F|  |TAMS 0x0000000704b00000, 0x0000000704b00000| Untracked 
|  54|0x0000000704c00000, 0x0000000704c00000, 0x0000000704d00000|  0%| F|  |TAMS 0x0000000704c00000, 0x0000000704c00000| Untracked 
|  55|0x0000000704d00000, 0x0000000704d00000, 0x0000000704e00000|  0%| F|  |TAMS 0x0000000704d00000, 0x0000000704d00000| Untracked 
|  56|0x0000000704e00000, 0x0000000704e00000, 0x0000000704f00000|  0%| F|  |TAMS 0x0000000704e00000, 0x0000000704e00000| Untracked 
|  57|0x0000000704f00000, 0x0000000704f00000, 0x0000000705000000|  0%| F|  |TAMS 0x0000000704f00000, 0x0000000704f00000| Untracked 
|  58|0x0000000705000000, 0x0000000705000000, 0x0000000705100000|  0%| F|  |TAMS 0x0000000705000000, 0x0000000705000000| Untracked 
|  59|0x0000000705100000, 0x0000000705100000, 0x0000000705200000|  0%| F|  |TAMS 0x0000000705100000, 0x0000000705100000| Untracked 
|  60|0x0000000705200000, 0x0000000705200000, 0x0000000705300000|  0%| F|  |TAMS 0x0000000705200000, 0x0000000705200000| Untracked 
|  61|0x0000000705300000, 0x0000000705300000, 0x0000000705400000|  0%| F|  |TAMS 0x0000000705300000, 0x0000000705300000| Untracked 
|  62|0x0000000705400000, 0x0000000705400000, 0x0000000705500000|  0%| F|  |TAMS 0x0000000705400000, 0x0000000705400000| Untracked 
|  63|0x0000000705500000, 0x0000000705500000, 0x0000000705600000|  0%| F|  |TAMS 0x0000000705500000, 0x0000000705500000| Untracked 
|  64|0x0000000705600000, 0x0000000705600000, 0x0000000705700000|  0%| F|  |TAMS 0x0000000705600000, 0x0000000705600000| Untracked 
|  65|0x0000000705700000, 0x0000000705700000, 0x0000000705800000|  0%| F|  |TAMS 0x0000000705700000, 0x0000000705700000| Untracked 
|  66|0x0000000705800000, 0x0000000705800000, 0x0000000705900000|  0%| F|  |TAMS 0x0000000705800000, 0x0000000705800000| Untracked 
|  67|0x0000000705900000, 0x0000000705900000, 0x0000000705a00000|  0%| F|  |TAMS 0x0000000705900000, 0x0000000705900000| Untracked 
|  68|0x0000000705a00000, 0x0000000705a00000, 0x0000000705b00000|  0%| F|  |TAMS 0x0000000705a00000, 0x0000000705a00000| Untracked 
|  69|0x0000000705b00000, 0x0000000705b00000, 0x0000000705c00000|  0%| F|  |TAMS 0x0000000705b00000, 0x0000000705b00000| Untracked 
|  70|0x0000000705c00000, 0x0000000705c00000, 0x0000000705d00000|  0%| F|  |TAMS 0x0000000705c00000, 0x0000000705c00000| Untracked 
|  71|0x0000000705d00000, 0x0000000705d00000, 0x0000000705e00000|  0%| F|  |TAMS 0x0000000705d00000, 0x0000000705d00000| Untracked 
|  72|0x0000000705e00000, 0x0000000705e00000, 0x0000000705f00000|  0%| F|  |TAMS 0x0000000705e00000, 0x0000000705e00000| Untracked 
|  73|0x0000000705f00000, 0x0000000705f00000, 0x0000000706000000|  0%| F|  |TAMS 0x0000000705f00000, 0x0000000705f00000| Untracked 
|  74|0x0000000706000000, 0x0000000706100000, 0x0000000706100000|100%|HS|  |TAMS 0x0000000706000000, 0x0000000706100000| Complete 
|  75|0x0000000706100000, 0x0000000706200000, 0x0000000706200000|100%|HC|  |TAMS 0x0000000706100000, 0x0000000706200000| Complete 
|  76|0x0000000706200000, 0x0000000706300000, 0x0000000706300000|100%|HC|  |TAMS 0x0000000706200000, 0x0000000706300000| Complete 
|  77|0x0000000706300000, 0x0000000706400000, 0x0000000706400000|100%|HC|  |TAMS 0x0000000706300000, 0x0000000706400000| Complete 
|  78|0x0000000706400000, 0x0000000706500000, 0x0000000706500000|100%|HC|  |TAMS 0x0000000706400000, 0x0000000706500000| Complete 
|  79|0x0000000706500000, 0x0000000706600000, 0x0000000706600000|100%|HC|  |TAMS 0x0000000706500000, 0x0000000706600000| Complete 
|  80|0x0000000706600000, 0x0000000706700000, 0x0000000706700000|100%|HC|  |TAMS 0x0000000706600000, 0x0000000706700000| Complete 
|  81|0x0000000706700000, 0x0000000706800000, 0x0000000706800000|100%|HC|  |TAMS 0x0000000706700000, 0x0000000706800000| Complete 
|  82|0x0000000706800000, 0x0000000706900000, 0x0000000706900000|100%|HC|  |TAMS 0x0000000706800000, 0x0000000706900000| Complete 
|  83|0x0000000706900000, 0x0000000706a00000, 0x0000000706a00000|100%|HC|  |TAMS 0x0000000706900000, 0x0000000706a00000| Complete 
|  84|0x0000000706a00000, 0x0000000706b00000, 0x0000000706b00000|100%|HC|  |TAMS 0x0000000706a00000, 0x0000000706b00000| Complete 
|  85|0x0000000706b00000, 0x0000000706c00000, 0x0000000706c00000|100%|HC|  |TAMS 0x0000000706b00000, 0x0000000706c00000| Complete 
|  86|0x0000000706c00000, 0x0000000706d00000, 0x0000000706d00000|100%|HC|  |TAMS 0x0000000706c00000, 0x0000000706d00000| Complete 
|  87|0x0000000706d00000, 0x0000000706e00000, 0x0000000706e00000|100%|HC|  |TAMS 0x0000000706d00000, 0x0000000706e00000| Complete 
|  88|0x0000000706e00000, 0x0000000706f00000, 0x0000000706f00000|100%|HC|  |TAMS 0x0000000706e00000, 0x0000000706f00000| Complete 
|  89|0x0000000706f00000, 0x0000000707000000, 0x0000000707000000|100%|HS|  |TAMS 0x0000000706f00000, 0x0000000707000000| Complete 
|  90|0x0000000707000000, 0x0000000707100000, 0x0000000707100000|100%|HC|  |TAMS 0x0000000707000000, 0x0000000707100000| Complete 
|  91|0x0000000707100000, 0x0000000707200000, 0x0000000707200000|100%|HC|  |TAMS 0x0000000707100000, 0x0000000707200000| Complete 
|  92|0x0000000707200000, 0x0000000707300000, 0x0000000707300000|100%|HC|  |TAMS 0x0000000707200000, 0x0000000707300000| Complete 
|  93|0x0000000707300000, 0x0000000707400000, 0x0000000707400000|100%|HC|  |TAMS 0x0000000707300000, 0x0000000707400000| Complete 
|  94|0x0000000707400000, 0x0000000707500000, 0x0000000707500000|100%|HC|  |TAMS 0x0000000707400000, 0x0000000707500000| Complete 
|  95|0x0000000707500000, 0x0000000707600000, 0x0000000707600000|100%|HC|  |TAMS 0x0000000707500000, 0x0000000707600000| Complete 
|  96|0x0000000707600000, 0x0000000707700000, 0x0000000707700000|100%|HC|  |TAMS 0x0000000707600000, 0x0000000707700000| Complete 
|  97|0x0000000707700000, 0x0000000707800000, 0x0000000707800000|100%|HC|  |TAMS 0x0000000707700000, 0x0000000707800000| Complete 
|  98|0x0000000707800000, 0x0000000707900000, 0x0000000707900000|100%|HC|  |TAMS 0x0000000707800000, 0x0000000707900000| Complete 
|  99|0x0000000707900000, 0x0000000707a00000, 0x0000000707a00000|100%|HC|  |TAMS 0x0000000707900000, 0x0000000707a00000| Complete 
| 100|0x0000000707a00000, 0x0000000707b00000, 0x0000000707b00000|100%|HC|  |TAMS 0x0000000707a00000, 0x0000000707b00000| Complete 
| 101|0x0000000707b00000, 0x0000000707c00000, 0x0000000707c00000|100%|HC|  |TAMS 0x0000000707b00000, 0x0000000707c00000| Complete 
| 102|0x0000000707c00000, 0x0000000707d00000, 0x0000000707d00000|100%|HC|  |TAMS 0x0000000707c00000, 0x0000000707d00000| Complete 
| 103|0x0000000707d00000, 0x0000000707e00000, 0x0000000707e00000|100%|HC|  |TAMS 0x0000000707d00000, 0x0000000707e00000| Complete 
| 104|0x0000000707e00000, 0x0000000707f00000, 0x0000000707f00000|100%| O|  |TAMS 0x0000000707e00000, 0x0000000707f00000| Untracked 
| 105|0x0000000707f00000, 0x0000000708000000, 0x0000000708000000|100%| O|  |TAMS 0x0000000707f00000, 0x0000000708000000| Untracked 
| 106|0x0000000708000000, 0x0000000708100000, 0x0000000708100000|100%| O|  |TAMS 0x0000000708000000, 0x0000000708100000| Untracked 
| 107|0x0000000708100000, 0x0000000708200000, 0x0000000708200000|100%| O|  |TAMS 0x0000000708100000, 0x0000000708200000| Untracked 
| 108|0x0000000708200000, 0x00000007082da600, 0x0000000708300000| 85%| O|  |TAMS 0x0000000708200000, 0x00000007082da600| Untracked 
| 109|0x0000000708300000, 0x0000000708300000, 0x0000000708400000|  0%| F|  |TAMS 0x0000000708300000, 0x0000000708300000| Untracked 
| 110|0x0000000708400000, 0x0000000708400000, 0x0000000708500000|  0%| F|  |TAMS 0x0000000708400000, 0x0000000708400000| Untracked 
| 111|0x0000000708500000, 0x0000000708500000, 0x0000000708600000|  0%| F|  |TAMS 0x0000000708500000, 0x0000000708500000| Untracked 
| 112|0x0000000708600000, 0x0000000708600000, 0x0000000708700000|  0%| F|  |TAMS 0x0000000708600000, 0x0000000708600000| Untracked 
| 113|0x0000000708700000, 0x0000000708700000, 0x0000000708800000|  0%| F|  |TAMS 0x0000000708700000, 0x0000000708700000| Untracked 
| 114|0x0000000708800000, 0x0000000708800000, 0x0000000708900000|  0%| F|  |TAMS 0x0000000708800000, 0x0000000708800000| Untracked 
| 115|0x0000000708900000, 0x0000000708900000, 0x0000000708a00000|  0%| F|  |TAMS 0x0000000708900000, 0x0000000708900000| Untracked 
| 116|0x0000000708a00000, 0x0000000708a00000, 0x0000000708b00000|  0%| F|  |TAMS 0x0000000708a00000, 0x0000000708a00000| Untracked 
| 117|0x0000000708b00000, 0x0000000708b00000, 0x0000000708c00000|  0%| F|  |TAMS 0x0000000708b00000, 0x0000000708b00000| Untracked 
| 118|0x0000000708c00000, 0x0000000708c00000, 0x0000000708d00000|  0%| F|  |TAMS 0x0000000708c00000, 0x0000000708c00000| Untracked 
| 119|0x0000000708d00000, 0x0000000708d00000, 0x0000000708e00000|  0%| F|  |TAMS 0x0000000708d00000, 0x0000000708d00000| Untracked 
| 120|0x0000000708e00000, 0x0000000708e00000, 0x0000000708f00000|  0%| F|  |TAMS 0x0000000708e00000, 0x0000000708e00000| Untracked 
| 121|0x0000000708f00000, 0x0000000708f00000, 0x0000000709000000|  0%| F|  |TAMS 0x0000000708f00000, 0x0000000708f00000| Untracked 
| 122|0x0000000709000000, 0x0000000709000000, 0x0000000709100000|  0%| F|  |TAMS 0x0000000709000000, 0x0000000709000000| Untracked 
| 123|0x0000000709100000, 0x0000000709100000, 0x0000000709200000|  0%| F|  |TAMS 0x0000000709100000, 0x0000000709100000| Untracked 
| 124|0x0000000709200000, 0x0000000709200000, 0x0000000709300000|  0%| F|  |TAMS 0x0000000709200000, 0x0000000709200000| Untracked 
| 125|0x0000000709300000, 0x0000000709300000, 0x0000000709400000|  0%| F|  |TAMS 0x0000000709300000, 0x0000000709300000| Untracked 
| 126|0x0000000709400000, 0x0000000709400000, 0x0000000709500000|  0%| F|  |TAMS 0x0000000709400000, 0x0000000709400000| Untracked 
| 127|0x0000000709500000, 0x0000000709500000, 0x0000000709600000|  0%| F|  |TAMS 0x0000000709500000, 0x0000000709500000| Untracked 
| 128|0x0000000709600000, 0x0000000709600000, 0x0000000709700000|  0%| F|  |TAMS 0x0000000709600000, 0x0000000709600000| Untracked 
| 129|0x0000000709700000, 0x0000000709700000, 0x0000000709800000|  0%| F|  |TAMS 0x0000000709700000, 0x0000000709700000| Untracked 
| 130|0x0000000709800000, 0x0000000709800000, 0x0000000709900000|  0%| F|  |TAMS 0x0000000709800000, 0x0000000709800000| Untracked 
| 131|0x0000000709900000, 0x0000000709900000, 0x0000000709a00000|  0%| F|  |TAMS 0x0000000709900000, 0x0000000709900000| Untracked 
| 132|0x0000000709a00000, 0x0000000709a00000, 0x0000000709b00000|  0%| F|  |TAMS 0x0000000709a00000, 0x0000000709a00000| Untracked 
| 133|0x0000000709b00000, 0x0000000709b00000, 0x0000000709c00000|  0%| F|  |TAMS 0x0000000709b00000, 0x0000000709b00000| Untracked 
| 134|0x0000000709c00000, 0x0000000709c00000, 0x0000000709d00000|  0%| F|  |TAMS 0x0000000709c00000, 0x0000000709c00000| Untracked 
| 135|0x0000000709d00000, 0x0000000709d00000, 0x0000000709e00000|  0%| F|  |TAMS 0x0000000709d00000, 0x0000000709d00000| Untracked 
| 136|0x0000000709e00000, 0x0000000709e00000, 0x0000000709f00000|  0%| F|  |TAMS 0x0000000709e00000, 0x0000000709e00000| Untracked 
| 137|0x0000000709f00000, 0x0000000709f00000, 0x000000070a000000|  0%| F|  |TAMS 0x0000000709f00000, 0x0000000709f00000| Untracked 
| 138|0x000000070a000000, 0x000000070a000000, 0x000000070a100000|  0%| F|  |TAMS 0x000000070a000000, 0x000000070a000000| Untracked 
| 139|0x000000070a100000, 0x000000070a100000, 0x000000070a200000|  0%| F|  |TAMS 0x000000070a100000, 0x000000070a100000| Untracked 
| 140|0x000000070a200000, 0x000000070a200000, 0x000000070a300000|  0%| F|  |TAMS 0x000000070a200000, 0x000000070a200000| Untracked 
| 141|0x000000070a300000, 0x000000070a300000, 0x000000070a400000|  0%| F|  |TAMS 0x000000070a300000, 0x000000070a300000| Untracked 
| 142|0x000000070a400000, 0x000000070a400000, 0x000000070a500000|  0%| F|  |TAMS 0x000000070a400000, 0x000000070a400000| Untracked 
| 143|0x000000070a500000, 0x000000070a500000, 0x000000070a600000|  0%| F|  |TAMS 0x000000070a500000, 0x000000070a500000| Untracked 
| 144|0x000000070a600000, 0x000000070a600000, 0x000000070a700000|  0%| F|  |TAMS 0x000000070a600000, 0x000000070a600000| Untracked 
| 145|0x000000070a700000, 0x000000070a700000, 0x000000070a800000|  0%| F|  |TAMS 0x000000070a700000, 0x000000070a700000| Untracked 
| 146|0x000000070a800000, 0x000000070a800000, 0x000000070a900000|  0%| F|  |TAMS 0x000000070a800000, 0x000000070a800000| Untracked 
| 147|0x000000070a900000, 0x000000070a900000, 0x000000070aa00000|  0%| F|  |TAMS 0x000000070a900000, 0x000000070a900000| Untracked 
| 148|0x000000070aa00000, 0x000000070aa00000, 0x000000070ab00000|  0%| F|  |TAMS 0x000000070aa00000, 0x000000070aa00000| Untracked 
| 149|0x000000070ab00000, 0x000000070ab00000, 0x000000070ac00000|  0%| F|  |TAMS 0x000000070ab00000, 0x000000070ab00000| Untracked 
| 150|0x000000070ac00000, 0x000000070ac00000, 0x000000070ad00000|  0%| F|  |TAMS 0x000000070ac00000, 0x000000070ac00000| Untracked 
| 151|0x000000070ad00000, 0x000000070ad00000, 0x000000070ae00000|  0%| F|  |TAMS 0x000000070ad00000, 0x000000070ad00000| Untracked 
| 152|0x000000070ae00000, 0x000000070ae00000, 0x000000070af00000|  0%| F|  |TAMS 0x000000070ae00000, 0x000000070ae00000| Untracked 
| 153|0x000000070af00000, 0x000000070af00000, 0x000000070b000000|  0%| F|  |TAMS 0x000000070af00000, 0x000000070af00000| Untracked 
| 154|0x000000070b000000, 0x000000070b000000, 0x000000070b100000|  0%| F|  |TAMS 0x000000070b000000, 0x000000070b000000| Untracked 
| 155|0x000000070b100000, 0x000000070b100000, 0x000000070b200000|  0%| F|  |TAMS 0x000000070b100000, 0x000000070b100000| Untracked 
| 156|0x000000070b200000, 0x000000070b200000, 0x000000070b300000|  0%| F|  |TAMS 0x000000070b200000, 0x000000070b200000| Untracked 
| 157|0x000000070b300000, 0x000000070b300000, 0x000000070b400000|  0%| F|  |TAMS 0x000000070b300000, 0x000000070b300000| Untracked 
| 158|0x000000070b400000, 0x000000070b400000, 0x000000070b500000|  0%| F|  |TAMS 0x000000070b400000, 0x000000070b400000| Untracked 
| 159|0x000000070b500000, 0x000000070b500000, 0x000000070b600000|  0%| F|  |TAMS 0x000000070b500000, 0x000000070b500000| Untracked 
| 160|0x000000070b600000, 0x000000070b600000, 0x000000070b700000|  0%| F|  |TAMS 0x000000070b600000, 0x000000070b600000| Untracked 
| 161|0x000000070b700000, 0x000000070b700000, 0x000000070b800000|  0%| F|  |TAMS 0x000000070b700000, 0x000000070b700000| Untracked 
| 162|0x000000070b800000, 0x000000070b800000, 0x000000070b900000|  0%| F|  |TAMS 0x000000070b800000, 0x000000070b800000| Untracked 
| 163|0x000000070b900000, 0x000000070b900000, 0x000000070ba00000|  0%| F|  |TAMS 0x000000070b900000, 0x000000070b900000| Untracked 
| 164|0x000000070ba00000, 0x000000070ba00000, 0x000000070bb00000|  0%| F|  |TAMS 0x000000070ba00000, 0x000000070ba00000| Untracked 
| 165|0x000000070bb00000, 0x000000070bb00000, 0x000000070bc00000|  0%| F|  |TAMS 0x000000070bb00000, 0x000000070bb00000| Untracked 
| 166|0x000000070bc00000, 0x000000070bc00000, 0x000000070bd00000|  0%| F|  |TAMS 0x000000070bc00000, 0x000000070bc00000| Untracked 
| 167|0x000000070bd00000, 0x000000070bd00000, 0x000000070be00000|  0%| F|  |TAMS 0x000000070bd00000, 0x000000070bd00000| Untracked 
| 168|0x000000070be00000, 0x000000070be00000, 0x000000070bf00000|  0%| F|  |TAMS 0x000000070be00000, 0x000000070be00000| Untracked 
| 169|0x000000070bf00000, 0x000000070bf00000, 0x000000070c000000|  0%| F|  |TAMS 0x000000070bf00000, 0x000000070bf00000| Untracked 
| 170|0x000000070c000000, 0x000000070c000000, 0x000000070c100000|  0%| F|  |TAMS 0x000000070c000000, 0x000000070c000000| Untracked 
| 171|0x000000070c100000, 0x000000070c100000, 0x000000070c200000|  0%| F|  |TAMS 0x000000070c100000, 0x000000070c100000| Untracked 
| 172|0x000000070c200000, 0x000000070c200000, 0x000000070c300000|  0%| F|  |TAMS 0x000000070c200000, 0x000000070c200000| Untracked 
| 173|0x000000070c300000, 0x000000070c300000, 0x000000070c400000|  0%| F|  |TAMS 0x000000070c300000, 0x000000070c300000| Untracked 
| 174|0x000000070c400000, 0x000000070c400000, 0x000000070c500000|  0%| F|  |TAMS 0x000000070c400000, 0x000000070c400000| Untracked 
| 175|0x000000070c500000, 0x000000070c500000, 0x000000070c600000|  0%| F|  |TAMS 0x000000070c500000, 0x000000070c500000| Untracked 
| 176|0x000000070c600000, 0x000000070c600000, 0x000000070c700000|  0%| F|  |TAMS 0x000000070c600000, 0x000000070c600000| Untracked 
| 177|0x000000070c700000, 0x000000070c700000, 0x000000070c800000|  0%| F|  |TAMS 0x000000070c700000, 0x000000070c700000| Untracked 
| 178|0x000000070c800000, 0x000000070c800000, 0x000000070c900000|  0%| F|  |TAMS 0x000000070c800000, 0x000000070c800000| Untracked 
| 179|0x000000070c900000, 0x000000070c900000, 0x000000070ca00000|  0%| F|  |TAMS 0x000000070c900000, 0x000000070c900000| Untracked 
| 180|0x000000070ca00000, 0x000000070ca00000, 0x000000070cb00000|  0%| F|  |TAMS 0x000000070ca00000, 0x000000070ca00000| Untracked 
| 181|0x000000070cb00000, 0x000000070cb00000, 0x000000070cc00000|  0%| F|  |TAMS 0x000000070cb00000, 0x000000070cb00000| Untracked 
| 182|0x000000070cc00000, 0x000000070cc00000, 0x000000070cd00000|  0%| F|  |TAMS 0x000000070cc00000, 0x000000070cc00000| Untracked 
| 183|0x000000070cd00000, 0x000000070cd00000, 0x000000070ce00000|  0%| F|  |TAMS 0x000000070cd00000, 0x000000070cd00000| Untracked 
| 184|0x000000070ce00000, 0x000000070ce00000, 0x000000070cf00000|  0%| F|  |TAMS 0x000000070ce00000, 0x000000070ce00000| Untracked 
| 185|0x000000070cf00000, 0x000000070cf00000, 0x000000070d000000|  0%| F|  |TAMS 0x000000070cf00000, 0x000000070cf00000| Untracked 
| 186|0x000000070d000000, 0x000000070d000000, 0x000000070d100000|  0%| F|  |TAMS 0x000000070d000000, 0x000000070d000000| Untracked 
| 187|0x000000070d100000, 0x000000070d100000, 0x000000070d200000|  0%| F|  |TAMS 0x000000070d100000, 0x000000070d100000| Untracked 
| 188|0x000000070d200000, 0x000000070d200000, 0x000000070d300000|  0%| F|  |TAMS 0x000000070d200000, 0x000000070d200000| Untracked 
| 189|0x000000070d300000, 0x000000070d300000, 0x000000070d400000|  0%| F|  |TAMS 0x000000070d300000, 0x000000070d300000| Untracked 
| 190|0x000000070d400000, 0x000000070d400000, 0x000000070d500000|  0%| F|  |TAMS 0x000000070d400000, 0x000000070d400000| Untracked 
| 191|0x000000070d500000, 0x000000070d500000, 0x000000070d600000|  0%| F|  |TAMS 0x000000070d500000, 0x000000070d500000| Untracked 
| 192|0x000000070d600000, 0x000000070d600000, 0x000000070d700000|  0%| F|  |TAMS 0x000000070d600000, 0x000000070d600000| Untracked 
| 193|0x000000070d700000, 0x000000070d700000, 0x000000070d800000|  0%| F|  |TAMS 0x000000070d700000, 0x000000070d700000| Untracked 
| 194|0x000000070d800000, 0x000000070d800000, 0x000000070d900000|  0%| F|  |TAMS 0x000000070d800000, 0x000000070d800000| Untracked 
| 195|0x000000070d900000, 0x000000070d900000, 0x000000070da00000|  0%| F|  |TAMS 0x000000070d900000, 0x000000070d900000| Untracked 
| 196|0x000000070da00000, 0x000000070da00000, 0x000000070db00000|  0%| F|  |TAMS 0x000000070da00000, 0x000000070da00000| Untracked 
| 197|0x000000070db00000, 0x000000070db00000, 0x000000070dc00000|  0%| F|  |TAMS 0x000000070db00000, 0x000000070db00000| Untracked 
| 198|0x000000070dc00000, 0x000000070dc00000, 0x000000070dd00000|  0%| F|  |TAMS 0x000000070dc00000, 0x000000070dc00000| Untracked 
| 199|0x000000070dd00000, 0x000000070dd00000, 0x000000070de00000|  0%| F|  |TAMS 0x000000070dd00000, 0x000000070dd00000| Untracked 
| 200|0x000000070de00000, 0x000000070de00000, 0x000000070df00000|  0%| F|  |TAMS 0x000000070de00000, 0x000000070de00000| Untracked 
| 201|0x000000070df00000, 0x000000070df00000, 0x000000070e000000|  0%| F|  |TAMS 0x000000070df00000, 0x000000070df00000| Untracked 
| 202|0x000000070e000000, 0x000000070e000000, 0x000000070e100000|  0%| F|  |TAMS 0x000000070e000000, 0x000000070e000000| Untracked 
| 203|0x000000070e100000, 0x000000070e100000, 0x000000070e200000|  0%| F|  |TAMS 0x000000070e100000, 0x000000070e100000| Untracked 
| 204|0x000000070e200000, 0x000000070e200000, 0x000000070e300000|  0%| F|  |TAMS 0x000000070e200000, 0x000000070e200000| Untracked 
| 205|0x000000070e300000, 0x000000070e300000, 0x000000070e400000|  0%| F|  |TAMS 0x000000070e300000, 0x000000070e300000| Untracked 
| 206|0x000000070e400000, 0x000000070e400000, 0x000000070e500000|  0%| F|  |TAMS 0x000000070e400000, 0x000000070e400000| Untracked 
| 207|0x000000070e500000, 0x000000070e500000, 0x000000070e600000|  0%| F|  |TAMS 0x000000070e500000, 0x000000070e500000| Untracked 
| 208|0x000000070e600000, 0x000000070e600000, 0x000000070e700000|  0%| F|  |TAMS 0x000000070e600000, 0x000000070e600000| Untracked 
| 209|0x000000070e700000, 0x000000070e700000, 0x000000070e800000|  0%| F|  |TAMS 0x000000070e700000, 0x000000070e700000| Untracked 
| 210|0x000000070e800000, 0x000000070e800000, 0x000000070e900000|  0%| F|  |TAMS 0x000000070e800000, 0x000000070e800000| Untracked 
| 211|0x000000070e900000, 0x000000070e900000, 0x000000070ea00000|  0%| F|  |TAMS 0x000000070e900000, 0x000000070e900000| Untracked 
| 212|0x000000070ea00000, 0x000000070ea00000, 0x000000070eb00000|  0%| F|  |TAMS 0x000000070ea00000, 0x000000070ea00000| Untracked 
| 213|0x000000070eb00000, 0x000000070eb80000, 0x000000070ec00000| 50%| S|CS|TAMS 0x000000070eb00000, 0x000000070eb00000| Complete 
| 214|0x000000070ec00000, 0x000000070ed00000, 0x000000070ed00000|100%| S|CS|TAMS 0x000000070ec00000, 0x000000070ec00000| Complete 
| 215|0x000000070ed00000, 0x000000070ee00000, 0x000000070ee00000|100%| S|CS|TAMS 0x000000070ed00000, 0x000000070ed00000| Complete 
| 216|0x000000070ee00000, 0x000000070ef00000, 0x000000070ef00000|100%| S|CS|TAMS 0x000000070ee00000, 0x000000070ee00000| Complete 
| 217|0x000000070ef00000, 0x000000070f000000, 0x000000070f000000|100%| S|CS|TAMS 0x000000070ef00000, 0x000000070ef00000| Complete 
| 218|0x000000070f000000, 0x000000070f100000, 0x000000070f100000|100%| S|CS|TAMS 0x000000070f000000, 0x000000070f000000| Complete 
| 219|0x000000070f100000, 0x000000070f200000, 0x000000070f200000|100%| S|CS|TAMS 0x000000070f100000, 0x000000070f100000| Complete 
| 220|0x000000070f200000, 0x000000070f300000, 0x000000070f300000|100%| S|CS|TAMS 0x000000070f200000, 0x000000070f200000| Complete 
| 221|0x000000070f300000, 0x000000070f400000, 0x000000070f400000|100%| S|CS|TAMS 0x000000070f300000, 0x000000070f300000| Complete 
| 222|0x000000070f400000, 0x000000070f500000, 0x000000070f500000|100%| S|CS|TAMS 0x000000070f400000, 0x000000070f400000| Complete 
| 223|0x000000070f500000, 0x000000070f600000, 0x000000070f600000|100%| S|CS|TAMS 0x000000070f500000, 0x000000070f500000| Complete 
| 224|0x000000070f600000, 0x000000070f700000, 0x000000070f700000|100%| S|CS|TAMS 0x000000070f600000, 0x000000070f600000| Complete 
| 225|0x000000070f700000, 0x000000070f800000, 0x000000070f800000|100%| S|CS|TAMS 0x000000070f700000, 0x000000070f700000| Complete 
| 226|0x000000070f800000, 0x000000070f900000, 0x000000070f900000|100%| S|CS|TAMS 0x000000070f800000, 0x000000070f800000| Complete 
| 227|0x000000070f900000, 0x000000070fa00000, 0x000000070fa00000|100%| S|CS|TAMS 0x000000070f900000, 0x000000070f900000| Complete 
| 228|0x000000070fa00000, 0x000000070fb00000, 0x000000070fb00000|100%| S|CS|TAMS 0x000000070fa00000, 0x000000070fa00000| Complete 
| 229|0x000000070fb00000, 0x000000070fc00000, 0x000000070fc00000|100%| S|CS|TAMS 0x000000070fb00000, 0x000000070fb00000| Complete 
| 230|0x000000070fc00000, 0x000000070fc00000, 0x000000070fd00000|  0%| F|  |TAMS 0x000000070fc00000, 0x000000070fc00000| Untracked 
| 231|0x000000070fd00000, 0x000000070fd00000, 0x000000070fe00000|  0%| F|  |TAMS 0x000000070fd00000, 0x000000070fd00000| Untracked 
| 232|0x000000070fe00000, 0x000000070fe00000, 0x000000070ff00000|  0%| F|  |TAMS 0x000000070fe00000, 0x000000070fe00000| Untracked 
| 233|0x000000070ff00000, 0x000000070ff00000, 0x0000000710000000|  0%| F|  |TAMS 0x000000070ff00000, 0x000000070ff00000| Untracked 
| 234|0x0000000710000000, 0x0000000710000000, 0x0000000710100000|  0%| F|  |TAMS 0x0000000710000000, 0x0000000710000000| Untracked 
| 235|0x0000000710100000, 0x0000000710100000, 0x0000000710200000|  0%| F|  |TAMS 0x0000000710100000, 0x0000000710100000| Untracked 
| 236|0x0000000710200000, 0x0000000710200000, 0x0000000710300000|  0%| F|  |TAMS 0x0000000710200000, 0x0000000710200000| Untracked 
| 237|0x0000000710300000, 0x0000000710300000, 0x0000000710400000|  0%| F|  |TAMS 0x0000000710300000, 0x0000000710300000| Untracked 
| 238|0x0000000710400000, 0x0000000710400000, 0x0000000710500000|  0%| F|  |TAMS 0x0000000710400000, 0x0000000710400000| Untracked 
| 239|0x0000000710500000, 0x0000000710500000, 0x0000000710600000|  0%| F|  |TAMS 0x0000000710500000, 0x0000000710500000| Untracked 
| 240|0x0000000710600000, 0x0000000710600000, 0x0000000710700000|  0%| F|  |TAMS 0x0000000710600000, 0x0000000710600000| Untracked 
| 241|0x0000000710700000, 0x0000000710700000, 0x0000000710800000|  0%| F|  |TAMS 0x0000000710700000, 0x0000000710700000| Untracked 
| 242|0x0000000710800000, 0x0000000710800000, 0x0000000710900000|  0%| F|  |TAMS 0x0000000710800000, 0x0000000710800000| Untracked 
| 243|0x0000000710900000, 0x0000000710900000, 0x0000000710a00000|  0%| F|  |TAMS 0x0000000710900000, 0x0000000710900000| Untracked 
| 244|0x0000000710a00000, 0x0000000710a00000, 0x0000000710b00000|  0%| F|  |TAMS 0x0000000710a00000, 0x0000000710a00000| Untracked 
| 245|0x0000000710b00000, 0x0000000710b00000, 0x0000000710c00000|  0%| F|  |TAMS 0x0000000710b00000, 0x0000000710b00000| Untracked 
| 246|0x0000000710c00000, 0x0000000710c00000, 0x0000000710d00000|  0%| F|  |TAMS 0x0000000710c00000, 0x0000000710c00000| Untracked 
| 247|0x0000000710d00000, 0x0000000710d00000, 0x0000000710e00000|  0%| F|  |TAMS 0x0000000710d00000, 0x0000000710d00000| Untracked 
| 248|0x0000000710e00000, 0x0000000710e00000, 0x0000000710f00000|  0%| F|  |TAMS 0x0000000710e00000, 0x0000000710e00000| Untracked 
| 249|0x0000000710f00000, 0x0000000710f00000, 0x0000000711000000|  0%| F|  |TAMS 0x0000000710f00000, 0x0000000710f00000| Untracked 
| 250|0x0000000711000000, 0x0000000711000000, 0x0000000711100000|  0%| F|  |TAMS 0x0000000711000000, 0x0000000711000000| Untracked 
| 251|0x0000000711100000, 0x0000000711100000, 0x0000000711200000|  0%| F|  |TAMS 0x0000000711100000, 0x0000000711100000| Untracked 
| 252|0x0000000711200000, 0x0000000711200000, 0x0000000711300000|  0%| F|  |TAMS 0x0000000711200000, 0x0000000711200000| Untracked 
| 253|0x0000000711300000, 0x0000000711300000, 0x0000000711400000|  0%| F|  |TAMS 0x0000000711300000, 0x0000000711300000| Untracked 
| 254|0x0000000711400000, 0x0000000711400000, 0x0000000711500000|  0%| F|  |TAMS 0x0000000711400000, 0x0000000711400000| Untracked 
| 255|0x0000000711500000, 0x0000000711500000, 0x0000000711600000|  0%| F|  |TAMS 0x0000000711500000, 0x0000000711500000| Untracked 
| 256|0x0000000711600000, 0x0000000711600000, 0x0000000711700000|  0%| F|  |TAMS 0x0000000711600000, 0x0000000711600000| Untracked 
| 257|0x0000000711700000, 0x0000000711700000, 0x0000000711800000|  0%| F|  |TAMS 0x0000000711700000, 0x0000000711700000| Untracked 
| 258|0x0000000711800000, 0x0000000711800000, 0x0000000711900000|  0%| F|  |TAMS 0x0000000711800000, 0x0000000711800000| Untracked 
| 259|0x0000000711900000, 0x0000000711900000, 0x0000000711a00000|  0%| F|  |TAMS 0x0000000711900000, 0x0000000711900000| Untracked 
| 260|0x0000000711a00000, 0x0000000711a00000, 0x0000000711b00000|  0%| F|  |TAMS 0x0000000711a00000, 0x0000000711a00000| Untracked 
| 261|0x0000000711b00000, 0x0000000711b00000, 0x0000000711c00000|  0%| F|  |TAMS 0x0000000711b00000, 0x0000000711b00000| Untracked 
| 262|0x0000000711c00000, 0x0000000711c00000, 0x0000000711d00000|  0%| F|  |TAMS 0x0000000711c00000, 0x0000000711c00000| Untracked 
| 263|0x0000000711d00000, 0x0000000711d00000, 0x0000000711e00000|  0%| F|  |TAMS 0x0000000711d00000, 0x0000000711d00000| Untracked 
| 264|0x0000000711e00000, 0x0000000711e00000, 0x0000000711f00000|  0%| F|  |TAMS 0x0000000711e00000, 0x0000000711e00000| Untracked 
| 265|0x0000000711f00000, 0x0000000711f00000, 0x0000000712000000|  0%| F|  |TAMS 0x0000000711f00000, 0x0000000711f00000| Untracked 
| 266|0x0000000712000000, 0x0000000712000000, 0x0000000712100000|  0%| F|  |TAMS 0x0000000712000000, 0x0000000712000000| Untracked 
| 267|0x0000000712100000, 0x0000000712100000, 0x0000000712200000|  0%| F|  |TAMS 0x0000000712100000, 0x0000000712100000| Untracked 
| 268|0x0000000712200000, 0x0000000712200000, 0x0000000712300000|  0%| F|  |TAMS 0x0000000712200000, 0x0000000712200000| Untracked 
| 269|0x0000000712300000, 0x0000000712300000, 0x0000000712400000|  0%| F|  |TAMS 0x0000000712300000, 0x0000000712300000| Untracked 
| 270|0x0000000712400000, 0x0000000712400000, 0x0000000712500000|  0%| F|  |TAMS 0x0000000712400000, 0x0000000712400000| Untracked 
| 271|0x0000000712500000, 0x0000000712500000, 0x0000000712600000|  0%| F|  |TAMS 0x0000000712500000, 0x0000000712500000| Untracked 
| 272|0x0000000712600000, 0x0000000712600000, 0x0000000712700000|  0%| F|  |TAMS 0x0000000712600000, 0x0000000712600000| Untracked 
| 273|0x0000000712700000, 0x0000000712700000, 0x0000000712800000|  0%| F|  |TAMS 0x0000000712700000, 0x0000000712700000| Untracked 
| 274|0x0000000712800000, 0x0000000712800000, 0x0000000712900000|  0%| F|  |TAMS 0x0000000712800000, 0x0000000712800000| Untracked 
| 275|0x0000000712900000, 0x0000000712900000, 0x0000000712a00000|  0%| F|  |TAMS 0x0000000712900000, 0x0000000712900000| Untracked 
| 276|0x0000000712a00000, 0x0000000712a00000, 0x0000000712b00000|  0%| F|  |TAMS 0x0000000712a00000, 0x0000000712a00000| Untracked 
| 277|0x0000000712b00000, 0x0000000712b00000, 0x0000000712c00000|  0%| F|  |TAMS 0x0000000712b00000, 0x0000000712b00000| Untracked 
| 278|0x0000000712c00000, 0x0000000712c00000, 0x0000000712d00000|  0%| F|  |TAMS 0x0000000712c00000, 0x0000000712c00000| Untracked 
| 279|0x0000000712d00000, 0x0000000712d00000, 0x0000000712e00000|  0%| F|  |TAMS 0x0000000712d00000, 0x0000000712d00000| Untracked 
| 280|0x0000000712e00000, 0x0000000712e00000, 0x0000000712f00000|  0%| F|  |TAMS 0x0000000712e00000, 0x0000000712e00000| Untracked 
| 281|0x0000000712f00000, 0x0000000712f00000, 0x0000000713000000|  0%| F|  |TAMS 0x0000000712f00000, 0x0000000712f00000| Untracked 
| 282|0x0000000713000000, 0x0000000713000000, 0x0000000713100000|  0%| F|  |TAMS 0x0000000713000000, 0x0000000713000000| Untracked 
| 283|0x0000000713100000, 0x0000000713100000, 0x0000000713200000|  0%| F|  |TAMS 0x0000000713100000, 0x0000000713100000| Untracked 
| 284|0x0000000713200000, 0x0000000713200000, 0x0000000713300000|  0%| F|  |TAMS 0x0000000713200000, 0x0000000713200000| Untracked 
| 285|0x0000000713300000, 0x0000000713300000, 0x0000000713400000|  0%| F|  |TAMS 0x0000000713300000, 0x0000000713300000| Untracked 
| 286|0x0000000713400000, 0x0000000713400000, 0x0000000713500000|  0%| F|  |TAMS 0x0000000713400000, 0x0000000713400000| Untracked 
| 287|0x0000000713500000, 0x0000000713500000, 0x0000000713600000|  0%| F|  |TAMS 0x0000000713500000, 0x0000000713500000| Untracked 
| 288|0x0000000713600000, 0x0000000713600000, 0x0000000713700000|  0%| F|  |TAMS 0x0000000713600000, 0x0000000713600000| Untracked 
| 289|0x0000000713700000, 0x0000000713700000, 0x0000000713800000|  0%| F|  |TAMS 0x0000000713700000, 0x0000000713700000| Untracked 
| 290|0x0000000713800000, 0x0000000713800000, 0x0000000713900000|  0%| F|  |TAMS 0x0000000713800000, 0x0000000713800000| Untracked 
| 291|0x0000000713900000, 0x0000000713900000, 0x0000000713a00000|  0%| F|  |TAMS 0x0000000713900000, 0x0000000713900000| Untracked 
| 292|0x0000000713a00000, 0x0000000713a00000, 0x0000000713b00000|  0%| F|  |TAMS 0x0000000713a00000, 0x0000000713a00000| Untracked 
| 293|0x0000000713b00000, 0x0000000713b00000, 0x0000000713c00000|  0%| F|  |TAMS 0x0000000713b00000, 0x0000000713b00000| Untracked 
| 294|0x0000000713c00000, 0x0000000713c00000, 0x0000000713d00000|  0%| F|  |TAMS 0x0000000713c00000, 0x0000000713c00000| Untracked 
| 295|0x0000000713d00000, 0x0000000713d00000, 0x0000000713e00000|  0%| F|  |TAMS 0x0000000713d00000, 0x0000000713d00000| Untracked 
| 296|0x0000000713e00000, 0x0000000713e00000, 0x0000000713f00000|  0%| F|  |TAMS 0x0000000713e00000, 0x0000000713e00000| Untracked 
| 297|0x0000000713f00000, 0x0000000713f00000, 0x0000000714000000|  0%| F|  |TAMS 0x0000000713f00000, 0x0000000713f00000| Untracked 
| 298|0x0000000714000000, 0x0000000714000000, 0x0000000714100000|  0%| F|  |TAMS 0x0000000714000000, 0x0000000714000000| Untracked 
| 299|0x0000000714100000, 0x0000000714100000, 0x0000000714200000|  0%| F|  |TAMS 0x0000000714100000, 0x0000000714100000| Untracked 
| 300|0x0000000714200000, 0x0000000714200000, 0x0000000714300000|  0%| F|  |TAMS 0x0000000714200000, 0x0000000714200000| Untracked 
| 301|0x0000000714300000, 0x0000000714300000, 0x0000000714400000|  0%| F|  |TAMS 0x0000000714300000, 0x0000000714300000| Untracked 
| 302|0x0000000714400000, 0x0000000714400000, 0x0000000714500000|  0%| F|  |TAMS 0x0000000714400000, 0x0000000714400000| Untracked 
| 303|0x0000000714500000, 0x0000000714500000, 0x0000000714600000|  0%| F|  |TAMS 0x0000000714500000, 0x0000000714500000| Untracked 
| 304|0x0000000714600000, 0x0000000714600000, 0x0000000714700000|  0%| F|  |TAMS 0x0000000714600000, 0x0000000714600000| Untracked 
| 305|0x0000000714700000, 0x0000000714700000, 0x0000000714800000|  0%| F|  |TAMS 0x0000000714700000, 0x0000000714700000| Untracked 
| 306|0x0000000714800000, 0x0000000714800000, 0x0000000714900000|  0%| F|  |TAMS 0x0000000714800000, 0x0000000714800000| Untracked 
| 307|0x0000000714900000, 0x0000000714900000, 0x0000000714a00000|  0%| F|  |TAMS 0x0000000714900000, 0x0000000714900000| Untracked 
| 308|0x0000000714a00000, 0x0000000714a00000, 0x0000000714b00000|  0%| F|  |TAMS 0x0000000714a00000, 0x0000000714a00000| Untracked 
| 309|0x0000000714b00000, 0x0000000714b00000, 0x0000000714c00000|  0%| F|  |TAMS 0x0000000714b00000, 0x0000000714b00000| Untracked 
| 310|0x0000000714c00000, 0x0000000714c00000, 0x0000000714d00000|  0%| F|  |TAMS 0x0000000714c00000, 0x0000000714c00000| Untracked 
| 311|0x0000000714d00000, 0x0000000714d00000, 0x0000000714e00000|  0%| F|  |TAMS 0x0000000714d00000, 0x0000000714d00000| Untracked 
| 312|0x0000000714e00000, 0x0000000714e00000, 0x0000000714f00000|  0%| F|  |TAMS 0x0000000714e00000, 0x0000000714e00000| Untracked 
| 313|0x0000000714f00000, 0x0000000714f00000, 0x0000000715000000|  0%| F|  |TAMS 0x0000000714f00000, 0x0000000714f00000| Untracked 
| 314|0x0000000715000000, 0x0000000715000000, 0x0000000715100000|  0%| F|  |TAMS 0x0000000715000000, 0x0000000715000000| Untracked 
| 315|0x0000000715100000, 0x0000000715100000, 0x0000000715200000|  0%| F|  |TAMS 0x0000000715100000, 0x0000000715100000| Untracked 
| 316|0x0000000715200000, 0x0000000715200000, 0x0000000715300000|  0%| F|  |TAMS 0x0000000715200000, 0x0000000715200000| Untracked 
| 317|0x0000000715300000, 0x0000000715300000, 0x0000000715400000|  0%| F|  |TAMS 0x0000000715300000, 0x0000000715300000| Untracked 
| 318|0x0000000715400000, 0x0000000715400000, 0x0000000715500000|  0%| F|  |TAMS 0x0000000715400000, 0x0000000715400000| Untracked 
| 319|0x0000000715500000, 0x0000000715500000, 0x0000000715600000|  0%| F|  |TAMS 0x0000000715500000, 0x0000000715500000| Untracked 
| 320|0x0000000715600000, 0x0000000715600000, 0x0000000715700000|  0%| F|  |TAMS 0x0000000715600000, 0x0000000715600000| Untracked 
| 321|0x0000000715700000, 0x0000000715700000, 0x0000000715800000|  0%| F|  |TAMS 0x0000000715700000, 0x0000000715700000| Untracked 
| 322|0x0000000715800000, 0x0000000715800000, 0x0000000715900000|  0%| F|  |TAMS 0x0000000715800000, 0x0000000715800000| Untracked 
| 323|0x0000000715900000, 0x0000000715900000, 0x0000000715a00000|  0%| F|  |TAMS 0x0000000715900000, 0x0000000715900000| Untracked 
| 324|0x0000000715a00000, 0x0000000715a00000, 0x0000000715b00000|  0%| F|  |TAMS 0x0000000715a00000, 0x0000000715a00000| Untracked 
| 325|0x0000000715b00000, 0x0000000715b00000, 0x0000000715c00000|  0%| F|  |TAMS 0x0000000715b00000, 0x0000000715b00000| Untracked 
| 326|0x0000000715c00000, 0x0000000715c00000, 0x0000000715d00000|  0%| F|  |TAMS 0x0000000715c00000, 0x0000000715c00000| Untracked 
| 327|0x0000000715d00000, 0x0000000715d00000, 0x0000000715e00000|  0%| F|  |TAMS 0x0000000715d00000, 0x0000000715d00000| Untracked 
| 328|0x0000000715e00000, 0x0000000715e00000, 0x0000000715f00000|  0%| F|  |TAMS 0x0000000715e00000, 0x0000000715e00000| Untracked 
| 329|0x0000000715f00000, 0x0000000715f00000, 0x0000000716000000|  0%| F|  |TAMS 0x0000000715f00000, 0x0000000715f00000| Untracked 
| 330|0x0000000716000000, 0x0000000716000000, 0x0000000716100000|  0%| F|  |TAMS 0x0000000716000000, 0x0000000716000000| Untracked 
| 331|0x0000000716100000, 0x0000000716100000, 0x0000000716200000|  0%| F|  |TAMS 0x0000000716100000, 0x0000000716100000| Untracked 
| 332|0x0000000716200000, 0x0000000716200000, 0x0000000716300000|  0%| F|  |TAMS 0x0000000716200000, 0x0000000716200000| Untracked 
| 333|0x0000000716300000, 0x0000000716300000, 0x0000000716400000|  0%| F|  |TAMS 0x0000000716300000, 0x0000000716300000| Untracked 
| 334|0x0000000716400000, 0x0000000716400000, 0x0000000716500000|  0%| F|  |TAMS 0x0000000716400000, 0x0000000716400000| Untracked 
| 335|0x0000000716500000, 0x0000000716500000, 0x0000000716600000|  0%| F|  |TAMS 0x0000000716500000, 0x0000000716500000| Untracked 
| 336|0x0000000716600000, 0x0000000716600000, 0x0000000716700000|  0%| F|  |TAMS 0x0000000716600000, 0x0000000716600000| Untracked 
| 337|0x0000000716700000, 0x0000000716700000, 0x0000000716800000|  0%| F|  |TAMS 0x0000000716700000, 0x0000000716700000| Untracked 
| 338|0x0000000716800000, 0x0000000716800000, 0x0000000716900000|  0%| F|  |TAMS 0x0000000716800000, 0x0000000716800000| Untracked 
| 339|0x0000000716900000, 0x0000000716900000, 0x0000000716a00000|  0%| F|  |TAMS 0x0000000716900000, 0x0000000716900000| Untracked 
| 340|0x0000000716a00000, 0x0000000716a00000, 0x0000000716b00000|  0%| F|  |TAMS 0x0000000716a00000, 0x0000000716a00000| Untracked 
| 341|0x0000000716b00000, 0x0000000716b00000, 0x0000000716c00000|  0%| F|  |TAMS 0x0000000716b00000, 0x0000000716b00000| Untracked 
| 342|0x0000000716c00000, 0x0000000716c00000, 0x0000000716d00000|  0%| F|  |TAMS 0x0000000716c00000, 0x0000000716c00000| Untracked 
| 343|0x0000000716d00000, 0x0000000716d00000, 0x0000000716e00000|  0%| F|  |TAMS 0x0000000716d00000, 0x0000000716d00000| Untracked 
| 344|0x0000000716e00000, 0x0000000716e00000, 0x0000000716f00000|  0%| F|  |TAMS 0x0000000716e00000, 0x0000000716e00000| Untracked 
| 345|0x0000000716f00000, 0x0000000716f00000, 0x0000000717000000|  0%| F|  |TAMS 0x0000000716f00000, 0x0000000716f00000| Untracked 
| 346|0x0000000717000000, 0x0000000717000000, 0x0000000717100000|  0%| F|  |TAMS 0x0000000717000000, 0x0000000717000000| Untracked 
| 347|0x0000000717100000, 0x0000000717100000, 0x0000000717200000|  0%| F|  |TAMS 0x0000000717100000, 0x0000000717100000| Untracked 
| 348|0x0000000717200000, 0x0000000717200000, 0x0000000717300000|  0%| F|  |TAMS 0x0000000717200000, 0x0000000717200000| Untracked 
| 349|0x0000000717300000, 0x0000000717300000, 0x0000000717400000|  0%| F|  |TAMS 0x0000000717300000, 0x0000000717300000| Untracked 
| 350|0x0000000717400000, 0x0000000717400000, 0x0000000717500000|  0%| F|  |TAMS 0x0000000717400000, 0x0000000717400000| Untracked 
| 351|0x0000000717500000, 0x0000000717500000, 0x0000000717600000|  0%| F|  |TAMS 0x0000000717500000, 0x0000000717500000| Untracked 
| 352|0x0000000717600000, 0x0000000717600000, 0x0000000717700000|  0%| F|  |TAMS 0x0000000717600000, 0x0000000717600000| Untracked 
| 353|0x0000000717700000, 0x0000000717700000, 0x0000000717800000|  0%| F|  |TAMS 0x0000000717700000, 0x0000000717700000| Untracked 
| 354|0x0000000717800000, 0x0000000717800000, 0x0000000717900000|  0%| F|  |TAMS 0x0000000717800000, 0x0000000717800000| Untracked 
| 355|0x0000000717900000, 0x0000000717900000, 0x0000000717a00000|  0%| F|  |TAMS 0x0000000717900000, 0x0000000717900000| Untracked 
| 356|0x0000000717a00000, 0x0000000717a00000, 0x0000000717b00000|  0%| F|  |TAMS 0x0000000717a00000, 0x0000000717a00000| Untracked 
| 357|0x0000000717b00000, 0x0000000717b00000, 0x0000000717c00000|  0%| F|  |TAMS 0x0000000717b00000, 0x0000000717b00000| Untracked 
| 358|0x0000000717c00000, 0x0000000717c00000, 0x0000000717d00000|  0%| F|  |TAMS 0x0000000717c00000, 0x0000000717c00000| Untracked 
| 359|0x0000000717d00000, 0x0000000717d00000, 0x0000000717e00000|  0%| F|  |TAMS 0x0000000717d00000, 0x0000000717d00000| Untracked 
| 360|0x0000000717e00000, 0x0000000717e00000, 0x0000000717f00000|  0%| F|  |TAMS 0x0000000717e00000, 0x0000000717e00000| Untracked 
| 361|0x0000000717f00000, 0x0000000717f00000, 0x0000000718000000|  0%| F|  |TAMS 0x0000000717f00000, 0x0000000717f00000| Untracked 
| 362|0x0000000718000000, 0x0000000718000000, 0x0000000718100000|  0%| F|  |TAMS 0x0000000718000000, 0x0000000718000000| Untracked 
| 363|0x0000000718100000, 0x0000000718100000, 0x0000000718200000|  0%| F|  |TAMS 0x0000000718100000, 0x0000000718100000| Untracked 
| 364|0x0000000718200000, 0x0000000718200000, 0x0000000718300000|  0%| F|  |TAMS 0x0000000718200000, 0x0000000718200000| Untracked 
| 365|0x0000000718300000, 0x0000000718300000, 0x0000000718400000|  0%| F|  |TAMS 0x0000000718300000, 0x0000000718300000| Untracked 
| 366|0x0000000718400000, 0x0000000718400000, 0x0000000718500000|  0%| F|  |TAMS 0x0000000718400000, 0x0000000718400000| Untracked 
| 367|0x0000000718500000, 0x0000000718500000, 0x0000000718600000|  0%| F|  |TAMS 0x0000000718500000, 0x0000000718500000| Untracked 
| 368|0x0000000718600000, 0x0000000718600000, 0x0000000718700000|  0%| F|  |TAMS 0x0000000718600000, 0x0000000718600000| Untracked 
| 369|0x0000000718700000, 0x0000000718700000, 0x0000000718800000|  0%| F|  |TAMS 0x0000000718700000, 0x0000000718700000| Untracked 

Card table byte_map: [0x000000d234df0000,0x000000d2355f0000] _byte_map_base: 0x000000d2315e5000

Marking Bits (Prev, Next): (CMBitMap*) 0x000000d21d1faad0, (CMBitMap*) 0x000000d21d1faa98
 Prev Bits: [0x000000d239da0000, 0x000000d23dd48000)
 Next Bits: [0x000000d235df0000, 0x000000d239d98000)

Polling page: 0x000000d21c940000

Metaspace:

Usage:
  Non-class:     67.38 MB capacity,    66.32 MB ( 98%) used,   839.59 KB (  1%) free+waste,   248.06 KB ( <1%) overhead. 
      Class:     10.23 MB capacity,     9.50 MB ( 93%) used,   637.73 KB (  6%) free+waste,   112.88 KB (  1%) overhead. 
       Both:     77.62 MB capacity,    75.82 MB ( 98%) used,     1.44 MB (  2%) free+waste,   360.94 KB ( <1%) overhead. 

Virtual space:
  Non-class space:       78.00 MB reserved,      67.38 MB ( 86%) committed 
      Class space:        1.00 GB reserved,      10.25 MB (  1%) committed 
             Both:        1.08 GB reserved,      77.63 MB (  7%) committed 

Chunk freelists:
   Non-Class:  0 bytes
       Class:  2.13 KB
        Both:  2.13 KB

CodeHeap 'non-profiled nmethods': size=120064Kb used=4962Kb max_used=4962Kb free=115101Kb
 bounds [0x000000d22d0b0000, 0x000000d22d590000, 0x000000d2345f0000]
CodeHeap 'profiled nmethods': size=120000Kb used=13695Kb max_used=13695Kb free=106304Kb
 bounds [0x000000d225b80000, 0x000000d2268e0000, 0x000000d22d0b0000]
CodeHeap 'non-nmethods': size=5696Kb used=1349Kb max_used=1417Kb free=4346Kb
 bounds [0x000000d2255f0000, 0x000000d225860000, 0x000000d225b80000]
 total_blobs=6861 nmethods=6214 adapters=566
 compilation: enabled
              stopped_count=0, restarted_count=0
 full_count=0

Compilation events (10 events):
Event: 90.207 Thread 0x000000d2410f4000 nmethod 6318 0x000000d2268dfc10 code [0x000000d2268dfda0, 0x000000d2268dfef8]
Event: 90.207 Thread 0x000000d2410f4000 6319       3       com.fasterxml.jackson.core.JsonStreamContext::inObject (14 bytes)
Event: 90.207 Thread 0x000000d2410f4000 nmethod 6319 0x000000d22d585090 code [0x000000d22d585220, 0x000000d22d585378]
Event: 90.207 Thread 0x000000d2410f4000 6320       3       com.fasterxml.jackson.core.json.JsonWriteContext::clearAndGetParent (10 bytes)
Event: 90.207 Thread 0x000000d2410f4000 nmethod 6320 0x000000d22d585410 code [0x000000d22d5855a0, 0x000000d22d5856d8]
Event: 90.207 Thread 0x000000d2410f4000 6321       3       com.fasterxml.jackson.core.json.UTF8JsonGenerator::writeEndObject (112 bytes)
Event: 90.208 Thread 0x000000d2410f4000 nmethod 6321 0x000000d22d585990 code [0x000000d22d585c60, 0x000000d22d586c88]
Event: 90.208 Thread 0x000000d2410f4000 6322       3       com.fasterxml.jackson.core.json.UTF8JsonGenerator::writeEndArray (111 bytes)
Event: 90.209 Thread 0x000000d2410f4000 nmethod 6322 0x000000d22d587210 code [0x000000d22d5874e0, 0x000000d22d588508]
Event: 90.209 Thread 0x000000d24108b800 6324       4       jdk.internal.org.objectweb.asm.ClassWriter::newNameTypeItem (71 bytes)

GC Heap History (10 events):
Event: 3.407 GC heap before
{Heap before GC invocations=7 (full 0):
 garbage-first heap   total 315392K, used 18596K [0x0000000701600000, 0x0000000800000000)
  region size 1024K, 14 young (14336K), 8 survivors (8192K)
 Metaspace       used 34814K, capacity 35826K, committed 35920K, reserved 1081344K
  class space    used 4006K, capacity 4412K, committed 4480K, reserved 1048576K
}
Event: 3.420 GC heap after
{Heap after GC invocations=8 (full 0):
 garbage-first heap   total 315392K, used 13842K [0x0000000701600000, 0x0000000800000000)
  region size 1024K, 8 young (8192K), 8 survivors (8192K)
 Metaspace       used 34814K, capacity 35826K, committed 35920K, reserved 1081344K
  class space    used 4006K, capacity 4412K, committed 4480K, reserved 1048576K
}
Event: 4.781 GC heap before
{Heap before GC invocations=9 (full 0):
 garbage-first heap   total 315392K, used 181778K [0x0000000701600000, 0x0000000800000000)
  region size 1024K, 173 young (177152K), 8 survivors (8192K)
 Metaspace       used 45098K, capacity 46316K, committed 46384K, reserved 1089536K
  class space    used 5480K, capacity 5984K, committed 6016K, reserved 1048576K
}
Event: 4.790 GC heap after
{Heap after GC invocations=10 (full 0):
 garbage-first heap   total 315392K, used 16914K [0x0000000701600000, 0x0000000800000000)
  region size 1024K, 11 young (11264K), 11 survivors (11264K)
 Metaspace       used 45098K, capacity 46316K, committed 46384K, reserved 1089536K
  class space    used 5480K, capacity 5984K, committed 6016K, reserved 1048576K
}
Event: 6.135 GC heap before
{Heap before GC invocations=10 (full 0):
 garbage-first heap   total 315392K, used 167442K [0x0000000701600000, 0x0000000800000000)
  region size 1024K, 160 young (163840K), 11 survivors (11264K)
 Metaspace       used 58921K, capacity 60207K, committed 60296K, reserved 1101824K
  class space    used 7344K, capacity 7896K, committed 7936K, reserved 1048576K
}
Event: 6.152 GC heap after
{Heap after GC invocations=11 (full 0):
 garbage-first heap   total 378880K, used 20986K [0x0000000701600000, 0x0000000800000000)
  region size 1024K, 15 young (15360K), 15 survivors (15360K)
 Metaspace       used 58921K, capacity 60207K, committed 60296K, reserved 1101824K
  class space    used 7344K, capacity 7896K, committed 7936K, reserved 1048576K
}
Event: 15.415 GC heap before
{Heap before GC invocations=12 (full 0):
 garbage-first heap   total 378880K, used 224762K [0x0000000701600000, 0x0000000800000000)
  region size 1024K, 214 young (219136K), 15 survivors (15360K)
 Metaspace       used 72012K, capacity 73800K, committed 73992K, reserved 1114112K
  class space    used 9071K, capacity 9806K, committed 9856K, reserved 1048576K
}
Event: 15.430 GC heap after
{Heap after GC invocations=13 (full 0):
 garbage-first heap   total 378880K, used 25579K [0x0000000701600000, 0x0000000800000000)
  region size 1024K, 19 young (19456K), 19 survivors (19456K)
 Metaspace       used 72012K, capacity 73800K, committed 73992K, reserved 1114112K
  class space    used 9071K, capacity 9806K, committed 9856K, reserved 1048576K
}
Event: 90.209 GC heap before
{Heap before GC invocations=13 (full 0):
 garbage-first heap   total 378880K, used 266219K [0x0000000701600000, 0x0000000800000000)
  region size 1024K, 159 young (162816K), 19 survivors (19456K)
 Metaspace       used 77640K, capacity 79479K, committed 79496K, reserved 1126400K
  class space    used 9728K, capacity 10479K, committed 10496K, reserved 1048576K
}
Event: 90.231 GC heap after
{Heap after GC invocations=14 (full 0):
 garbage-first heap   total 378880K, used 59753K [0x0000000701600000, 0x0000000800000000)
  region size 1024K, 17 young (17408K), 17 survivors (17408K)
 Metaspace       used 77640K, capacity 79479K, committed 79496K, reserved 1126400K
  class space    used 9728K, capacity 10479K, committed 10496K, reserved 1048576K
}

Deoptimization events (10 events):
Event: 7.641 Thread 0x000000d21d199800 Uncommon trap: reason=array_check action=maybe_recompile pc=0x000000d22d48144c method=java.util.AbstractCollection.toArray([Ljava/lang/Object;)[Ljava/lang/Object; @ 116 c2
Event: 7.641 Thread 0x000000d21d199800 Uncommon trap: reason=array_check action=maybe_recompile pc=0x000000d22d48144c method=java.util.AbstractCollection.toArray([Ljava/lang/Object;)[Ljava/lang/Object; @ 116 c2
Event: 9.141 Thread 0x000000d2463be000 Uncommon trap: reason=unstable_if action=reinterpret pc=0x000000d22d39c18c method=java.net.URLStreamHandler.parseURL(Ljava/net/URL;Ljava/lang/String;II)V @ 57 c2
Event: 21.746 Thread 0x000000d24ca18800 Uncommon trap: reason=unstable_if action=reinterpret pc=0x000000d22d4f6f7c method=jdk.internal.util.ArraysSupport.mismatch([C[CI)I @ 4 c2
Event: 21.766 Thread 0x000000d24ca18800 Uncommon trap: reason=unstable_if action=reinterpret pc=0x000000d22d4f973c method=org.unbescape.html.HtmlEscapeSymbols.<init>(Lorg/unbescape/html/HtmlEscapeSymbols$References;[B)V @ 423 c2
Event: 21.809 Thread 0x000000d24ca18800 Uncommon trap: reason=unstable_if action=reinterpret pc=0x000000d22d4fd69c method=org.unbescape.html.HtmlEscapeSymbols.<init>(Lorg/unbescape/html/HtmlEscapeSymbols$References;[B)V @ 337 c2
Event: 21.854 Thread 0x000000d24521d000 Uncommon trap: reason=unstable_if action=reinterpret pc=0x000000d22d2c6c80 method=java.util.Objects.equals(Ljava/lang/Object;Ljava/lang/Object;)Z @ 6 c2
Event: 56.809 Thread 0x000000d24ca19000 Uncommon trap: reason=unstable_if action=reinterpret pc=0x000000d22d5274c8 method=com.fasterxml.jackson.core.json.UTF8JsonGenerator._writeBinary(Lcom/fasterxml/jackson/core/Base64Variant;[BII)V @ 26 c2
Event: 56.840 Thread 0x000000d24ca19000 Uncommon trap: reason=unstable_if action=reinterpret pc=0x000000d22d536fdc method=sun.nio.ch.IOUtil.writeFromNativeBuffer(Ljava/io/FileDescriptor;Ljava/nio/ByteBuffer;JZILsun/nio/ch/NativeDispatcher;)I @ 141 c2
Event: 56.843 Thread 0x000000d24ca19000 Uncommon trap: reason=unstable_if action=reinterpret pc=0x000000d22d531a7c method=sun.nio.ch.IOUtil.writeFromNativeBuffer(Ljava/io/FileDescriptor;Ljava/nio/ByteBuffer;JZILsun/nio/ch/NativeDispatcher;)I @ 141 c2

Classes redefined (0 events):
No events

Internal exceptions (10 events):
Event: 7.390 Thread 0x000000d21d199800 Exception <a 'java/lang/NoSuchMethodError'{0x000000070eb74458}: java.lang.invoke.DirectMethodHandle$Holder.invokeVirtual(Ljava/lang/Object;Ljava/lang/Object;I)V> (0x000000070eb74458) thrown at [./open/src/hotspot/share/interpreter/linkResolver.cpp, line 7
Event: 7.391 Thread 0x000000d21d199800 Exception <a 'java/lang/NoSuchMethodError'{0x000000070eb8e590}: java.lang.invoke.DirectMethodHandle$Holder.invokeVirtual(Ljava/lang/Object;Ljava/lang/Object;J)V> (0x000000070eb8e590) thrown at [./open/src/hotspot/share/interpreter/linkResolver.cpp, line 7
Event: 7.522 Thread 0x000000d21d199800 Exception <a 'java/lang/IncompatibleClassChangeError'{0x000000070da4feb0}: Found class java.lang.Object, but interface was expected> (0x000000070da4feb0) thrown at [./open/src/hotspot/share/interpreter/linkResolver.cpp, line 838]
Event: 7.665 Thread 0x000000d21d199800 Exception <a 'java/lang/NoSuchMethodError'{0x000000070cc8b7c0}: java.lang.invoke.DirectMethodHandle$Holder.invokeSpecial(Ljava/lang/Object;Ljava/lang/Object;ILjava/lang/Object;ILjava/lang/Object;)Ljava/lang/Object;> (0x000000070cc8b7c0) thrown at [./open/
Event: 7.666 Thread 0x000000d21d199800 Exception <a 'java/lang/NoSuchMethodError'{0x000000070cc92ca0}: java.lang.invoke.DirectMethodHandle$Holder.invokeStatic(Ljava/lang/Object;Ljava/lang/Object;ILjava/lang/Object;I)Ljava/lang/Object;> (0x000000070cc92ca0) thrown at [./open/src/hotspot/share/i
Event: 7.666 Thread 0x000000d21d199800 Exception <a 'java/lang/NoSuchMethodError'{0x000000070cc96478}: java.lang.invoke.DirectMethodHandle$Holder.invokeSpecial(Ljava/lang/Object;Ljava/lang/Object;Ljava/lang/Object;ILjava/lang/Object;I)Ljava/lang/Object;> (0x000000070cc96478) thrown at [./open/
Event: 7.667 Thread 0x000000d21d199800 Exception <a 'java/lang/NoSuchMethodError'{0x000000070cca76b8}: java.lang.invoke.DirectMethodHandle$Holder.invokeVirtual(Ljava/lang/Object;Ljava/lang/Object;)V> (0x000000070cca76b8) thrown at [./open/src/hotspot/share/interpreter/linkResolver.cpp, line 77
Event: 21.399 Thread 0x000000d24ca18800 Exception <a 'java/lang/NoSuchMethodError'{0x0000000717294318}: java.lang.invoke.DirectMethodHandle$Holder.invokeStaticInit(Ljava/lang/Object;Ljava/lang/Object;Ljava/lang/Object;Ljava/lang/Object;Ljava/lang/Object;Ljava/lang/Object;)Ljava/lang/Object;> (0
Event: 90.171 Thread 0x000000d24ca19000 StackOverflowError at 0x000000d22d57f0c0
Event: 90.172 Thread 0x000000d24ca19000 Exception <a 'java/lang/StackOverflowError'{0x000000070fddd6f8}> (0x000000070fddd6f8) thrown at [./open/src/hotspot/share/runtime/sharedRuntime.cpp, line 584]

Events (10 events):
Event: 90.207 Thread 0x000000d24ca19000 DEOPT UNPACKING pc=0x000000d22562c44e sp=0x000000d24f3dad10 mode 1
Event: 90.207 Thread 0x000000d24ca19000 DEOPT PACKING pc=0x000000d22d58387f sp=0x000000d24f3db920
Event: 90.207 Thread 0x000000d24ca19000 DEOPT UNPACKING pc=0x000000d22562c44e sp=0x000000d24f3dae30 mode 1
Event: 90.208 loading class org/springframework/web/servlet/ModelAndViewDefiningException
Event: 90.208 loading class org/springframework/web/servlet/ModelAndViewDefiningException done
Event: 90.208 loading class org/springframework/web/method/annotation/ExceptionHandlerMethodResolver
Event: 90.208 loading class org/springframework/web/method/annotation/ExceptionHandlerMethodResolver done
Event: 90.209 loading class org/springframework/util/ReflectionUtils$MethodFilter
Event: 90.209 loading class org/springframework/util/ReflectionUtils$MethodFilter done
Event: 90.209 Executing VM operation: CollectForMetadataAllocation


Dynamic libraries:
0x00007ff63eb60000 - 0x00007ff63eb6f000 	C:\Program Files\Java\jdk-11.0.10\bin\javaw.exe
0x00007fffaaf90000 - 0x00007fffab13d000 	C:\Windows\SYSTEM32\ntdll.dll
0x00007fffa8c60000 - 0x00007fffa8d9f000 	C:\Windows\system32\KERNEL32.DLL
0x00007fffa84c0000 - 0x00007fffa85d5000 	C:\Windows\system32\KERNELBASE.dll
0x00007fff9a0d0000 - 0x00007fff9a0e8000 	C:\Program Files\Java\jdk-11.0.10\bin\jli.dll
0x00007fff99fa0000 - 0x00007fff99fb5000 	C:\Program Files\Java\jdk-11.0.10\bin\VCRUNTIME140.dll
0x00007fff99f90000 - 0x00007fff99f94000 	C:\Program Files\Java\jdk-11.0.10\bin\api-ms-win-crt-stdio-l1-1-0.dll
0x00007fff99b80000 - 0x00007fff99b84000 	C:\Program Files\Java\jdk-11.0.10\bin\api-ms-win-crt-runtime-l1-1-0.dll
0x00007fff99b70000 - 0x00007fff99b73000 	C:\Program Files\Java\jdk-11.0.10\bin\api-ms-win-crt-environment-l1-1-0.dll
0x00007fff99b60000 - 0x00007fff99b65000 	C:\Program Files\Java\jdk-11.0.10\bin\api-ms-win-crt-math-l1-1-0.dll
0x00007fff99b50000 - 0x00007fff99b53000 	C:\Program Files\Java\jdk-11.0.10\bin\api-ms-win-crt-locale-l1-1-0.dll
0x00007fff99b40000 - 0x00007fff99b43000 	C:\Program Files\Java\jdk-11.0.10\bin\api-ms-win-crt-heap-l1-1-0.dll
0x00007fffaae80000 - 0x00007fffaaf2d000 	C:\Windows\system32\ADVAPI32.dll
0x00007fffa0b80000 - 0x00007fffa0dfb000 	C:\Windows\WinSxS\amd64_microsoft.windows.common-controls_6595b64144ccf1df_6.0.9600.19394_none_62486577ecb635cf\COMCTL32.dll
0x00007fffa8da0000 - 0x00007fffa8f17000 	C:\Windows\system32\USER32.dll
0x00007fffa5f80000 - 0x00007fffa5f8a000 	C:\Windows\SYSTEM32\VERSION.dll
0x00007fff99b30000 - 0x00007fff99b33000 	C:\Program Files\Java\jdk-11.0.10\bin\api-ms-win-crt-filesystem-l1-1-0.dll
0x00007fff99b20000 - 0x00007fff99b24000 	C:\Program Files\Java\jdk-11.0.10\bin\api-ms-win-crt-string-l1-1-0.dll
0x00007fff99b10000 - 0x00007fff99b14000 	C:\Program Files\Java\jdk-11.0.10\bin\api-ms-win-crt-convert-l1-1-0.dll
0x00007fffa8bb0000 - 0x00007fffa8c5a000 	C:\Windows\system32\msvcrt.dll
0x00007fffa94c0000 - 0x00007fffa951b000 	C:\Windows\SYSTEM32\sechost.dll
0x00007fffa9010000 - 0x00007fffa9145000 	C:\Windows\system32\RPCRT4.dll
0x00007fffaad10000 - 0x00007fffaae5e000 	C:\Windows\system32\GDI32.dll
0x00007fff8c130000 - 0x00007fff8c22a000 	C:\Program Files\Java\jdk-11.0.10\bin\ucrtbase.DLL
0x00007fffa85e0000 - 0x00007fffa860e000 	C:\Windows\system32\SspiCli.dll
0x00007fffaac10000 - 0x00007fffaac46000 	C:\Windows\system32\IMM32.DLL
0x00007fffa9520000 - 0x00007fffa9671000 	C:\Windows\system32\MSCTF.dll
0x00007fff94380000 - 0x00007fff9441b000 	C:\Program Files\Java\jdk-11.0.10\bin\msvcp140.dll
0x00007fff98a80000 - 0x00007fff98a83000 	C:\Program Files\Java\jdk-11.0.10\bin\api-ms-win-crt-time-l1-1-0.dll
0x00007fff98a70000 - 0x00007fff98a73000 	C:\Program Files\Java\jdk-11.0.10\bin\api-ms-win-crt-utility-l1-1-0.dll
0x00007fff73060000 - 0x00007fff73b5b000 	C:\Program Files\Java\jdk-11.0.10\bin\server\jvm.dll
0x00007fff94a30000 - 0x00007fff94a39000 	C:\Windows\SYSTEM32\WSOCK32.dll
0x00007fffa0aa0000 - 0x00007fffa0ac2000 	C:\Windows\SYSTEM32\WINMM.dll
0x00007fffa8ba0000 - 0x00007fffa8ba7000 	C:\Windows\system32\PSAPI.DLL
0x00007fffaaf30000 - 0x00007fffaaf8a000 	C:\Windows\system32\WS2_32.dll
0x00007fffa0a70000 - 0x00007fffa0a9a000 	C:\Windows\SYSTEM32\WINMMBASE.dll
0x00007fffa8ff0000 - 0x00007fffa8ff9000 	C:\Windows\system32\NSI.dll
0x00007fffa81b0000 - 0x00007fffa81ff000 	C:\Windows\SYSTEM32\cfgmgr32.dll
0x00007fffa6e60000 - 0x00007fffa6e88000 	C:\Windows\SYSTEM32\DEVOBJ.dll
0x00007fff98a60000 - 0x00007fff98a70000 	C:\Program Files\Java\jdk-11.0.10\bin\verify.dll
0x00007fff89c80000 - 0x00007fff89e0a000 	C:\Windows\SYSTEM32\DBGHELP.DLL
0x00007fff98960000 - 0x00007fff98988000 	C:\Program Files\Java\jdk-11.0.10\bin\java.dll
0x00007fff98a50000 - 0x00007fff98a5a000 	C:\Program Files\Java\jdk-11.0.10\bin\jimage.dll
0x00007fff98cc0000 - 0x00007fff98cf8000 	C:\Program Files\Java\jdk-11.0.10\bin\jdwp.dll
0x00007fff98950000 - 0x00007fff9895e000 	C:\Program Files\Java\jdk-11.0.10\bin\instrument.dll
0x00007fff95270000 - 0x00007fff95286000 	C:\Program Files\Java\jdk-11.0.10\bin\zip.dll
0x00007fffa96e0000 - 0x00007fffaac0c000 	C:\Windows\system32\SHELL32.dll
0x00007fffa87a0000 - 0x00007fffa89b2000 	C:\Windows\SYSTEM32\combase.dll
0x00007fffa9680000 - 0x00007fffa96d4000 	C:\Windows\system32\SHLWAPI.dll
0x00007fffa6410000 - 0x00007fffa64c2000 	C:\Windows\SYSTEM32\SHCORE.dll
0x00007fffa8030000 - 0x00007fffa8045000 	C:\Windows\SYSTEM32\profapi.dll
0x00007fff983e0000 - 0x00007fff983ea000 	C:\Program Files\Java\jdk-11.0.10\bin\dt_socket.dll
0x00007fffa7940000 - 0x00007fffa7999000 	C:\Windows\System32\mswsock.dll
0x00007fffa76d0000 - 0x00007fffa7774000 	C:\Windows\SYSTEM32\DNSAPI.dll
0x00007fff9bc90000 - 0x00007fff9bcfb000 	C:\Windows\System32\fwpuclnt.dll
0x00007fff961c0000 - 0x00007fff961ca000 	C:\Windows\System32\rasadhlp.dll
0x00007fff948c0000 - 0x00007fff948d9000 	C:\Program Files\Java\jdk-11.0.10\bin\net.dll
0x00007fff9de10000 - 0x00007fff9ded9000 	C:\Windows\SYSTEM32\WINHTTP.dll
0x00007fff94170000 - 0x00007fff94182000 	C:\Program Files\Java\jdk-11.0.10\bin\nio.dll
0x00007fff9a020000 - 0x00007fff9a029000 	C:\Program Files\Java\jdk-11.0.10\bin\management.dll
0x00007fff98cb0000 - 0x00007fff98cbb000 	C:\Program Files\Java\jdk-11.0.10\bin\management_ext.dll
0x00007fff95230000 - 0x00007fff95245000 	C:\Windows\system32\napinsp.dll
0x00007fff95210000 - 0x00007fff9522a000 	C:\Windows\system32\pnrpnsp.dll
0x00007fffa0490000 - 0x00007fffa04ab000 	C:\Windows\system32\NLAapi.dll
0x00007fff95290000 - 0x00007fff9529d000 	C:\Windows\System32\winrnr.dll
0x00007fffa5cf0000 - 0x00007fffa5d1a000 	C:\Windows\SYSTEM32\IPHLPAPI.DLL
0x00007fffa5ce0000 - 0x00007fffa5cea000 	C:\Windows\SYSTEM32\WINNSI.DLL
0x00007fffa79a0000 - 0x00007fffa79c0000 	C:\Windows\SYSTEM32\CRYPTSP.dll
0x00007fffa74f0000 - 0x00007fffa7526000 	C:\Windows\system32\rsaenh.dll
0x00007fffa7be0000 - 0x00007fffa7c06000 	C:\Windows\SYSTEM32\bcrypt.dll
0x00007fffa7660000 - 0x00007fffa7681000 	C:\Windows\SYSTEM32\USERENV.dll
0x00007fffa7f00000 - 0x00007fffa7f63000 	C:\Windows\system32\bcryptprimitives.dll
0x00007fffa7f70000 - 0x00007fffa7f7b000 	C:\Windows\SYSTEM32\CRYPTBASE.dll
0x00007fff9be90000 - 0x00007fff9bea6000 	C:\Windows\SYSTEM32\dhcpcsvc6.DLL
0x00007fff9e6f0000 - 0x00007fff9e70a000 	C:\Windows\SYSTEM32\dhcpcsvc.DLL
0x00007fff99fc0000 - 0x00007fff99fcd000 	C:\Program Files\Java\jdk-11.0.10\bin\sunmscapi.dll
0x00007fffa8200000 - 0x00007fffa8457000 	C:\Windows\system32\CRYPT32.dll
0x00007fffa7bb0000 - 0x00007fffa7bd5000 	C:\Windows\SYSTEM32\ncrypt.dll
0x00007fffa80e0000 - 0x00007fffa80f1000 	C:\Windows\system32\MSASN1.dll
0x00007fffa7b70000 - 0x00007fffa7ba7000 	C:\Windows\SYSTEM32\NTASN1.dll
0x00007fff98b60000 - 0x00007fff98b85000 	C:\Program Files\Java\jdk-11.0.10\bin\sunec.dll

dbghelp: loaded successfully - version: 4.0.5 - missing functions: none
symbol engine: initialized successfully - sym options: 0x614 - pdb path: .;C:\Program Files\Java\jdk-11.0.10\bin;C:\Windows\SYSTEM32;C:\Windows\WinSxS\amd64_microsoft.windows.common-controls_6595b64144ccf1df_6.0.9600.19394_none_62486577ecb635cf;C:\Program Files\Java\jdk-11.0.10\bin\server

VM Arguments:
jvm_args: -agentlib:jdwp=transport=dt_socket,suspend=y,address=localhost:53041 -javaagent:C:\Users\Gabriel Mendonca\eclipse\jee-2020-03\eclipse\configuration\org.eclipse.osgi\411\0\.cp\lib\javaagent-shaded.jar -Dfile.encoding=UTF-8 
java_command: com.mendonca.mendoncaMedia.MendoncaMediaApplication
java_class_path (initial): D:\Programacao\WorkSpaces-List\Workspace-Pessoal\mendoncaMedia\target\classes;C:\Users\Gabriel Mendonca\.m2\repository\org\springframework\boot\spring-boot-starter-data-jpa\2.6.7\spring-boot-starter-data-jpa-2.6.7.jar;C:\Users\Gabriel Mendonca\.m2\repository\org\springframework\boot\spring-boot-starter-aop\2.6.7\spring-boot-starter-aop-2.6.7.jar;C:\Users\Gabriel Mendonca\.m2\repository\org\aspectj\aspectjweaver\1.9.7\aspectjweaver-1.9.7.jar;C:\Users\Gabriel Mendonca\.m2\repository\org\springframework\boot\spring-boot-starter-jdbc\2.6.7\spring-boot-starter-jdbc-2.6.7.jar;C:\Users\Gabriel Mendonca\.m2\repository\com\zaxxer\HikariCP\4.0.3\HikariCP-4.0.3.jar;C:\Users\Gabriel Mendonca\.m2\repository\org\springframework\spring-jdbc\5.3.19\spring-jdbc-5.3.19.jar;C:\Users\Gabriel Mendonca\.m2\repository\jakarta\transaction\jakarta.transaction-api\1.3.3\jakarta.transaction-api-1.3.3.jar;C:\Users\Gabriel Mendonca\.m2\repository\jakarta\persistence\jakarta.persistence-api\2.2.3\jakarta.persistence-api-2.2.3.jar;C:\Users\Gabriel Mendonca\.m2\repository\org\hibernate\hibernate-core\5.6.8.Final\hibernate-core-5.6.8.Final.jar;C:\Users\Gabriel Mendonca\.m2\repository\org\jboss\logging\jboss-logging\3.4.3.Final\jboss-logging-3.4.3.Final.jar;C:\Users\Gabriel Mendonca\.m2\repository\net\bytebuddy\byte-buddy\1.11.22\byte-buddy-1.11.22.jar;C:\Users\Gabriel Mendonca\.m2\repository\antlr\antlr\2.7.7\antlr-2.7.7.jar;C:\Users\Gabriel Mendonca\.m2\repository\org\jboss\jandex\2.4.2.Final\jandex-2.4.2.Final.jar;C:\Users\Gabriel Mendonca\.m2\repository\com\fasterxml\classmate\1.5.1\classmate-1.5.1.jar;C:\Users\Gabriel Mendonca\.m2\repository\org\hibernate\common\hibernate-commons-annotations\5.1.2.Final\hibernate-commons-annotations-5.1.2.Final.jar;C:\Users\Gabriel Mendonca\.m2\repository\org\glassfish\jaxb\jaxb-runtime\2.3.6\jaxb-runtime-2.3.6.jar;C:\Users\Gabriel Mendonca\.m2\repository\org\glassfish\jaxb\txw2\2.3.6\txw2-2.3.6.jar;C:\Users\Gabriel Mendonca\.m2\rep
Launcher Type: SUN_STANDARD

[Global flags]
     intx CICompilerCount                          = 3                                         {product} {ergonomic}
     uint ConcGCThreads                            = 1                                         {product} {ergonomic}
     uint G1ConcRefinementThreads                  = 4                                         {product} {ergonomic}
   size_t G1HeapRegionSize                         = 1048576                                   {product} {ergonomic}
    uintx GCDrainStackTargetSize                   = 64                                        {product} {ergonomic}
   size_t InitialHeapSize                          = 268435456                                 {product} {ergonomic}
   size_t MarkStackSize                            = 4194304                                   {product} {ergonomic}
   size_t MaxHeapSize                              = 4271898624                                {product} {ergonomic}
   size_t MaxNewSize                               = 2562719744                                {product} {ergonomic}
   size_t MinHeapDeltaBytes                        = 1048576                                   {product} {ergonomic}
    uintx NonNMethodCodeHeapSize                   = 5830732                                {pd product} {ergonomic}
    uintx NonProfiledCodeHeapSize                  = 122913754                              {pd product} {ergonomic}
    uintx ProfiledCodeHeapSize                     = 122913754                              {pd product} {ergonomic}
    uintx ReservedCodeCacheSize                    = 251658240                              {pd product} {ergonomic}
     bool SegmentedCodeCache                       = true                                      {product} {ergonomic}
     bool UseCompressedClassPointers               = true                                 {lp64_product} {ergonomic}
     bool UseCompressedOops                        = true                                 {lp64_product} {ergonomic}
     bool UseG1GC                                  = true                                      {product} {ergonomic}
     bool UseLargePagesIndividualAllocation        = false                                  {pd product} {ergonomic}

Logging:
Log output configuration:
 #0: stdout all=warning uptime,level,tags
 #1: stderr all=off uptime,level,tags

Environment Variables:
JAVA_HOME=C:\Program Files\Java\jdk-11.0.10
PATH=C:\Program Files\Python37\Scripts\;C:\Program Files\Python37\;C:\Program Files\Common Files\Oracle\Java\javapath;C:\Windows\system32;C:\Windows;C:\Windows\System32\Wbem;C:\Windows\System32\WindowsPowerShell\v1.0\;C:\Program Files (x86)\Windows Live\Shared;C:\Program Files\Microsoft VS Code\bin;C:\Users\Gabriel Mendonca\AppData\Roaming\npm;C:\Users\Gabriel Mendonca\AppData\Roaming\npm\node_modules\@angular\cli\bin;C:\Program Files\nodejs\;C:\Program Files (x86)\NVIDIA Corporation\PhysX\Common;;C:\Program Files\Docker Toolbox;C:\Users\Gabriel Mendonca\AppData\Roaming\npm
USERNAME=Gabriel Mendonca
OS=Windows_NT
PROCESSOR_IDENTIFIER=Intel64 Family 6 Model 60 Stepping 3, GenuineIntel



---------------  S Y S T E M  ---------------

OS: Windows 8.1 , 64 bit Build 9600 (6.3.9600.20389)

CPU:total 4 (initial active 4) (4 cores per cpu, 1 threads per core) family 6 model 60 stepping 3 microcode 0x1a, cmov, cx8, fxsr, mmx, sse, sse2, sse3, ssse3, sse4.1, sse4.2, popcnt, avx, avx2, aes, clmul, erms, lzcnt, tsc, tscinvbit, bmi1, bmi2, fma

Memory: 4k page, system-wide physical 16288M (1927M free)
TotalPageFile size 17288M (AvailPageFile size 135M)
current process WorkingSet (physical memory assigned to process): 531M, peak: 575M
current process commit charge ("private bytes"): 580M, peak: 643M

vm_info: Java HotSpot(TM) 64-Bit Server VM (11.0.10+8-LTS-162) for windows-amd64 JRE (11.0.10+8-LTS-162), built on Dec  8 2020 16:32:57 by "mach5one" with MS VC++ 15.9 (VS2017)

END.
